mode: atomic
github.com/merlin-network/estake-native/v2/x/lscosmos/client/utils/utils.go:35.92,47.2 1 1
github.com/merlin-network/estake-native/v2/x/lscosmos/client/utils/utils.go:51.135,55.16 3 0
github.com/merlin-network/estake-native/v2/x/lscosmos/client/utils/utils.go:58.2,58.63 1 0
github.com/merlin-network/estake-native/v2/x/lscosmos/client/utils/utils.go:62.2,62.22 1 0
github.com/merlin-network/estake-native/v2/x/lscosmos/client/utils/utils.go:55.16,57.3 1 0
github.com/merlin-network/estake-native/v2/x/lscosmos/client/utils/utils.go:58.63,60.3 1 0
github.com/merlin-network/estake-native/v2/x/lscosmos/client/utils/utils.go:75.133,83.2 1 1
github.com/merlin-network/estake-native/v2/x/lscosmos/client/utils/utils.go:87.135,91.16 3 0
github.com/merlin-network/estake-native/v2/x/lscosmos/client/utils/utils.go:94.2,94.63 1 0
github.com/merlin-network/estake-native/v2/x/lscosmos/client/utils/utils.go:98.2,98.22 1 0
github.com/merlin-network/estake-native/v2/x/lscosmos/client/utils/utils.go:91.16,93.3 1 0
github.com/merlin-network/estake-native/v2/x/lscosmos/client/utils/utils.go:94.63,96.3 1 0
github.com/merlin-network/estake-native/v2/x/lscosmos/client/utils/utils.go:111.180,119.2 1 1
github.com/merlin-network/estake-native/v2/x/lscosmos/client/utils/utils.go:123.149,127.16 3 0
github.com/merlin-network/estake-native/v2/x/lscosmos/client/utils/utils.go:130.2,130.63 1 0
github.com/merlin-network/estake-native/v2/x/lscosmos/client/utils/utils.go:134.2,134.22 1 0
github.com/merlin-network/estake-native/v2/x/lscosmos/client/utils/utils.go:127.16,129.3 1 0
github.com/merlin-network/estake-native/v2/x/lscosmos/client/utils/utils.go:130.63,132.3 1 0
github.com/merlin-network/estake-native/v2/x/lscosmos/client/utils/utils.go:154.91,158.16 3 0
github.com/merlin-network/estake-native/v2/x/lscosmos/client/utils/utils.go:161.2,161.62 1 0
github.com/merlin-network/estake-native/v2/x/lscosmos/client/utils/utils.go:165.2,165.21 1 0
github.com/merlin-network/estake-native/v2/x/lscosmos/client/utils/utils.go:158.16,160.3 1 0
github.com/merlin-network/estake-native/v2/x/lscosmos/client/utils/utils.go:161.62,163.3 1 0
github.com/merlin-network/estake-native/v2/x/lscosmos/types/params.go:11.42,13.2 1 0
github.com/merlin-network/estake-native/v2/x/lscosmos/types/params.go:16.25,18.2 1 1
github.com/merlin-network/estake-native/v2/x/lscosmos/types/params.go:21.29,23.2 1 1
github.com/merlin-network/estake-native/v2/x/lscosmos/types/params.go:26.59,28.2 1 0
github.com/merlin-network/estake-native/v2/x/lscosmos/types/params.go:31.34,33.2 1 1
github.com/merlin-network/estake-native/v2/x/lscosmos/types/params.go:36.33,39.2 2 0
github.com/merlin-network/estake-native/v2/x/lscosmos/types/query.pb.gw.go:36.195,43.2 4 0
github.com/merlin-network/estake-native/v2/x/lscosmos/types/query.pb.gw.go:45.201,52.2 4 0
github.com/merlin-network/estake-native/v2/x/lscosmos/types/query.pb.gw.go:54.204,61.2 4 0
github.com/merlin-network/estake-native/v2/x/lscosmos/types/query.pb.gw.go:63.210,70.2 4 0
github.com/merlin-network/estake-native/v2/x/lscosmos/types/query.pb.gw.go:72.204,79.2 4 0
github.com/merlin-network/estake-native/v2/x/lscosmos/types/query.pb.gw.go:81.210,88.2 4 0
github.com/merlin-network/estake-native/v2/x/lscosmos/types/query.pb.gw.go:90.210,97.2 4 0
github.com/merlin-network/estake-native/v2/x/lscosmos/types/query.pb.gw.go:99.216,106.2 4 0
github.com/merlin-network/estake-native/v2/x/lscosmos/types/query.pb.gw.go:108.195,115.2 4 0
github.com/merlin-network/estake-native/v2/x/lscosmos/types/query.pb.gw.go:117.201,124.2 4 0
github.com/merlin-network/estake-native/v2/x/lscosmos/types/query.pb.gw.go:126.200,133.2 4 0
github.com/merlin-network/estake-native/v2/x/lscosmos/types/query.pb.gw.go:135.206,142.2 4 0
github.com/merlin-network/estake-native/v2/x/lscosmos/types/query.pb.gw.go:144.206,151.2 4 0
github.com/merlin-network/estake-native/v2/x/lscosmos/types/query.pb.gw.go:153.212,160.2 4 0
github.com/merlin-network/estake-native/v2/x/lscosmos/types/query.pb.gw.go:162.198,174.9 5 0
github.com/merlin-network/estake-native/v2/x/lscosmos/types/query.pb.gw.go:178.2,180.16 2 0
github.com/merlin-network/estake-native/v2/x/lscosmos/types/query.pb.gw.go:184.2,185.27 2 0
github.com/merlin-network/estake-native/v2/x/lscosmos/types/query.pb.gw.go:174.9,176.3 1 0
github.com/merlin-network/estake-native/v2/x/lscosmos/types/query.pb.gw.go:180.16,182.3 1 0
github.com/merlin-network/estake-native/v2/x/lscosmos/types/query.pb.gw.go:189.204,201.9 5 0
github.com/merlin-network/estake-native/v2/x/lscosmos/types/query.pb.gw.go:205.2,207.16 2 0
github.com/merlin-network/estake-native/v2/x/lscosmos/types/query.pb.gw.go:211.2,212.27 2 0
github.com/merlin-network/estake-native/v2/x/lscosmos/types/query.pb.gw.go:201.9,203.3 1 0
github.com/merlin-network/estake-native/v2/x/lscosmos/types/query.pb.gw.go:207.16,209.3 1 0
github.com/merlin-network/estake-native/v2/x/lscosmos/types/query.pb.gw.go:216.205,228.9 5 0
github.com/merlin-network/estake-native/v2/x/lscosmos/types/query.pb.gw.go:232.2,234.16 2 0
github.com/merlin-network/estake-native/v2/x/lscosmos/types/query.pb.gw.go:238.2,239.27 2 0
github.com/merlin-network/estake-native/v2/x/lscosmos/types/query.pb.gw.go:228.9,230.3 1 0
github.com/merlin-network/estake-native/v2/x/lscosmos/types/query.pb.gw.go:234.16,236.3 1 0
github.com/merlin-network/estake-native/v2/x/lscosmos/types/query.pb.gw.go:243.211,255.9 5 0
github.com/merlin-network/estake-native/v2/x/lscosmos/types/query.pb.gw.go:259.2,261.16 2 0
github.com/merlin-network/estake-native/v2/x/lscosmos/types/query.pb.gw.go:265.2,266.27 2 0
github.com/merlin-network/estake-native/v2/x/lscosmos/types/query.pb.gw.go:255.9,257.3 1 0
github.com/merlin-network/estake-native/v2/x/lscosmos/types/query.pb.gw.go:261.16,263.3 1 0
github.com/merlin-network/estake-native/v2/x/lscosmos/types/query.pb.gw.go:270.206,282.9 5 0
github.com/merlin-network/estake-native/v2/x/lscosmos/types/query.pb.gw.go:286.2,288.16 2 0
github.com/merlin-network/estake-native/v2/x/lscosmos/types/query.pb.gw.go:292.2,293.27 2 0
github.com/merlin-network/estake-native/v2/x/lscosmos/types/query.pb.gw.go:282.9,284.3 1 0
github.com/merlin-network/estake-native/v2/x/lscosmos/types/query.pb.gw.go:288.16,290.3 1 0
github.com/merlin-network/estake-native/v2/x/lscosmos/types/query.pb.gw.go:297.212,309.9 5 0
github.com/merlin-network/estake-native/v2/x/lscosmos/types/query.pb.gw.go:313.2,315.16 2 0
github.com/merlin-network/estake-native/v2/x/lscosmos/types/query.pb.gw.go:319.2,320.27 2 0
github.com/merlin-network/estake-native/v2/x/lscosmos/types/query.pb.gw.go:309.9,311.3 1 0
github.com/merlin-network/estake-native/v2/x/lscosmos/types/query.pb.gw.go:315.16,317.3 1 0
github.com/merlin-network/estake-native/v2/x/lscosmos/types/query.pb.gw.go:324.209,336.9 5 0
github.com/merlin-network/estake-native/v2/x/lscosmos/types/query.pb.gw.go:340.2,342.16 2 0
github.com/merlin-network/estake-native/v2/x/lscosmos/types/query.pb.gw.go:346.2,347.27 2 0
github.com/merlin-network/estake-native/v2/x/lscosmos/types/query.pb.gw.go:336.9,338.3 1 0
github.com/merlin-network/estake-native/v2/x/lscosmos/types/query.pb.gw.go:342.16,344.3 1 0
github.com/merlin-network/estake-native/v2/x/lscosmos/types/query.pb.gw.go:351.215,363.9 5 0
github.com/merlin-network/estake-native/v2/x/lscosmos/types/query.pb.gw.go:367.2,369.16 2 0
github.com/merlin-network/estake-native/v2/x/lscosmos/types/query.pb.gw.go:373.2,374.27 2 0
github.com/merlin-network/estake-native/v2/x/lscosmos/types/query.pb.gw.go:363.9,365.3 1 0
github.com/merlin-network/estake-native/v2/x/lscosmos/types/query.pb.gw.go:369.16,371.3 1 0
github.com/merlin-network/estake-native/v2/x/lscosmos/types/query.pb.gw.go:378.212,390.9 5 0
github.com/merlin-network/estake-native/v2/x/lscosmos/types/query.pb.gw.go:394.2,396.16 2 0
github.com/merlin-network/estake-native/v2/x/lscosmos/types/query.pb.gw.go:400.2,401.27 2 0
github.com/merlin-network/estake-native/v2/x/lscosmos/types/query.pb.gw.go:390.9,392.3 1 0
github.com/merlin-network/estake-native/v2/x/lscosmos/types/query.pb.gw.go:396.16,398.3 1 0
github.com/merlin-network/estake-native/v2/x/lscosmos/types/query.pb.gw.go:405.218,417.9 5 0
github.com/merlin-network/estake-native/v2/x/lscosmos/types/query.pb.gw.go:421.2,423.16 2 0
github.com/merlin-network/estake-native/v2/x/lscosmos/types/query.pb.gw.go:427.2,428.27 2 0
github.com/merlin-network/estake-native/v2/x/lscosmos/types/query.pb.gw.go:417.9,419.3 1 0
github.com/merlin-network/estake-native/v2/x/lscosmos/types/query.pb.gw.go:423.16,425.3 1 0
github.com/merlin-network/estake-native/v2/x/lscosmos/types/query.pb.gw.go:432.217,444.9 5 0
github.com/merlin-network/estake-native/v2/x/lscosmos/types/query.pb.gw.go:448.2,450.16 2 0
github.com/merlin-network/estake-native/v2/x/lscosmos/types/query.pb.gw.go:454.2,455.9 2 0
github.com/merlin-network/estake-native/v2/x/lscosmos/types/query.pb.gw.go:459.2,461.16 2 0
github.com/merlin-network/estake-native/v2/x/lscosmos/types/query.pb.gw.go:465.2,466.27 2 0
github.com/merlin-network/estake-native/v2/x/lscosmos/types/query.pb.gw.go:444.9,446.3 1 0
github.com/merlin-network/estake-native/v2/x/lscosmos/types/query.pb.gw.go:450.16,452.3 1 0
github.com/merlin-network/estake-native/v2/x/lscosmos/types/query.pb.gw.go:455.9,457.3 1 0
github.com/merlin-network/estake-native/v2/x/lscosmos/types/query.pb.gw.go:461.16,463.3 1 0
github.com/merlin-network/estake-native/v2/x/lscosmos/types/query.pb.gw.go:470.223,482.9 5 0
github.com/merlin-network/estake-native/v2/x/lscosmos/types/query.pb.gw.go:486.2,488.16 2 0
github.com/merlin-network/estake-native/v2/x/lscosmos/types/query.pb.gw.go:492.2,493.9 2 0
github.com/merlin-network/estake-native/v2/x/lscosmos/types/query.pb.gw.go:497.2,499.16 2 0
github.com/merlin-network/estake-native/v2/x/lscosmos/types/query.pb.gw.go:503.2,504.27 2 0
github.com/merlin-network/estake-native/v2/x/lscosmos/types/query.pb.gw.go:482.9,484.3 1 0
github.com/merlin-network/estake-native/v2/x/lscosmos/types/query.pb.gw.go:488.16,490.3 1 0
github.com/merlin-network/estake-native/v2/x/lscosmos/types/query.pb.gw.go:493.9,495.3 1 0
github.com/merlin-network/estake-native/v2/x/lscosmos/types/query.pb.gw.go:499.16,501.3 1 0
github.com/merlin-network/estake-native/v2/x/lscosmos/types/query.pb.gw.go:508.201,515.2 4 0
github.com/merlin-network/estake-native/v2/x/lscosmos/types/query.pb.gw.go:517.207,524.2 4 0
github.com/merlin-network/estake-native/v2/x/lscosmos/types/query.pb.gw.go:526.209,533.2 4 0
github.com/merlin-network/estake-native/v2/x/lscosmos/types/query.pb.gw.go:535.215,542.2 4 0
github.com/merlin-network/estake-native/v2/x/lscosmos/types/query.pb.gw.go:544.219,556.9 5 0
github.com/merlin-network/estake-native/v2/x/lscosmos/types/query.pb.gw.go:560.2,562.16 2 0
github.com/merlin-network/estake-native/v2/x/lscosmos/types/query.pb.gw.go:566.2,567.27 2 0
github.com/merlin-network/estake-native/v2/x/lscosmos/types/query.pb.gw.go:556.9,558.3 1 0
github.com/merlin-network/estake-native/v2/x/lscosmos/types/query.pb.gw.go:562.16,564.3 1 0
github.com/merlin-network/estake-native/v2/x/lscosmos/types/query.pb.gw.go:571.225,583.9 5 0
github.com/merlin-network/estake-native/v2/x/lscosmos/types/query.pb.gw.go:587.2,589.16 2 0
github.com/merlin-network/estake-native/v2/x/lscosmos/types/query.pb.gw.go:593.2,594.27 2 0
github.com/merlin-network/estake-native/v2/x/lscosmos/types/query.pb.gw.go:583.9,585.3 1 0
github.com/merlin-network/estake-native/v2/x/lscosmos/types/query.pb.gw.go:589.16,591.3 1 0
github.com/merlin-network/estake-native/v2/x/lscosmos/types/query.pb.gw.go:602.103,604.121 1 0
github.com/merlin-network/estake-native/v2/x/lscosmos/types/query.pb.gw.go:627.2,627.130 1 0
github.com/merlin-network/estake-native/v2/x/lscosmos/types/query.pb.gw.go:650.2,650.130 1 0
github.com/merlin-network/estake-native/v2/x/lscosmos/types/query.pb.gw.go:673.2,673.136 1 0
github.com/merlin-network/estake-native/v2/x/lscosmos/types/query.pb.gw.go:696.2,696.121 1 0
github.com/merlin-network/estake-native/v2/x/lscosmos/types/query.pb.gw.go:719.2,719.126 1 0
github.com/merlin-network/estake-native/v2/x/lscosmos/types/query.pb.gw.go:742.2,742.132 1 0
github.com/merlin-network/estake-native/v2/x/lscosmos/types/query.pb.gw.go:765.2,765.124 1 0
github.com/merlin-network/estake-native/v2/x/lscosmos/types/query.pb.gw.go:788.2,788.131 1 0
github.com/merlin-network/estake-native/v2/x/lscosmos/types/query.pb.gw.go:811.2,811.132 1 0
github.com/merlin-network/estake-native/v2/x/lscosmos/types/query.pb.gw.go:834.2,834.135 1 0
github.com/merlin-network/estake-native/v2/x/lscosmos/types/query.pb.gw.go:857.2,857.138 1 0
github.com/merlin-network/estake-native/v2/x/lscosmos/types/query.pb.gw.go:880.2,880.143 1 0
github.com/merlin-network/estake-native/v2/x/lscosmos/types/query.pb.gw.go:903.2,903.127 1 0
github.com/merlin-network/estake-native/v2/x/lscosmos/types/query.pb.gw.go:926.2,926.135 1 0
github.com/merlin-network/estake-native/v2/x/lscosmos/types/query.pb.gw.go:949.2,949.145 1 0
github.com/merlin-network/estake-native/v2/x/lscosmos/types/query.pb.gw.go:972.2,972.12 1 0
github.com/merlin-network/estake-native/v2/x/lscosmos/types/query.pb.gw.go:604.121,611.17 7 0
github.com/merlin-network/estake-native/v2/x/lscosmos/types/query.pb.gw.go:615.3,618.17 4 0
github.com/merlin-network/estake-native/v2/x/lscosmos/types/query.pb.gw.go:623.3,623.104 1 0
github.com/merlin-network/estake-native/v2/x/lscosmos/types/query.pb.gw.go:611.17,614.4 2 0
github.com/merlin-network/estake-native/v2/x/lscosmos/types/query.pb.gw.go:618.17,621.4 2 0
github.com/merlin-network/estake-native/v2/x/lscosmos/types/query.pb.gw.go:627.130,634.17 7 0
github.com/merlin-network/estake-native/v2/x/lscosmos/types/query.pb.gw.go:638.3,641.17 4 0
github.com/merlin-network/estake-native/v2/x/lscosmos/types/query.pb.gw.go:646.3,646.113 1 0
github.com/merlin-network/estake-native/v2/x/lscosmos/types/query.pb.gw.go:634.17,637.4 2 0
github.com/merlin-network/estake-native/v2/x/lscosmos/types/query.pb.gw.go:641.17,644.4 2 0
github.com/merlin-network/estake-native/v2/x/lscosmos/types/query.pb.gw.go:650.130,657.17 7 0
github.com/merlin-network/estake-native/v2/x/lscosmos/types/query.pb.gw.go:661.3,664.17 4 0
github.com/merlin-network/estake-native/v2/x/lscosmos/types/query.pb.gw.go:669.3,669.113 1 0
github.com/merlin-network/estake-native/v2/x/lscosmos/types/query.pb.gw.go:657.17,660.4 2 0
github.com/merlin-network/estake-native/v2/x/lscosmos/types/query.pb.gw.go:664.17,667.4 2 0
github.com/merlin-network/estake-native/v2/x/lscosmos/types/query.pb.gw.go:673.136,680.17 7 0
github.com/merlin-network/estake-native/v2/x/lscosmos/types/query.pb.gw.go:684.3,687.17 4 0
github.com/merlin-network/estake-native/v2/x/lscosmos/types/query.pb.gw.go:692.3,692.119 1 0
github.com/merlin-network/estake-native/v2/x/lscosmos/types/query.pb.gw.go:680.17,683.4 2 0
github.com/merlin-network/estake-native/v2/x/lscosmos/types/query.pb.gw.go:687.17,690.4 2 0
github.com/merlin-network/estake-native/v2/x/lscosmos/types/query.pb.gw.go:696.121,703.17 7 0
github.com/merlin-network/estake-native/v2/x/lscosmos/types/query.pb.gw.go:707.3,710.17 4 0
github.com/merlin-network/estake-native/v2/x/lscosmos/types/query.pb.gw.go:715.3,715.104 1 0
github.com/merlin-network/estake-native/v2/x/lscosmos/types/query.pb.gw.go:703.17,706.4 2 0
github.com/merlin-network/estake-native/v2/x/lscosmos/types/query.pb.gw.go:710.17,713.4 2 0
github.com/merlin-network/estake-native/v2/x/lscosmos/types/query.pb.gw.go:719.126,726.17 7 0
github.com/merlin-network/estake-native/v2/x/lscosmos/types/query.pb.gw.go:730.3,733.17 4 0
github.com/merlin-network/estake-native/v2/x/lscosmos/types/query.pb.gw.go:738.3,738.109 1 0
github.com/merlin-network/estake-native/v2/x/lscosmos/types/query.pb.gw.go:726.17,729.4 2 0
github.com/merlin-network/estake-native/v2/x/lscosmos/types/query.pb.gw.go:733.17,736.4 2 0
github.com/merlin-network/estake-native/v2/x/lscosmos/types/query.pb.gw.go:742.132,749.17 7 0
github.com/merlin-network/estake-native/v2/x/lscosmos/types/query.pb.gw.go:753.3,756.17 4 0
github.com/merlin-network/estake-native/v2/x/lscosmos/types/query.pb.gw.go:761.3,761.115 1 0
github.com/merlin-network/estake-native/v2/x/lscosmos/types/query.pb.gw.go:749.17,752.4 2 0
github.com/merlin-network/estake-native/v2/x/lscosmos/types/query.pb.gw.go:756.17,759.4 2 0
github.com/merlin-network/estake-native/v2/x/lscosmos/types/query.pb.gw.go:765.124,772.17 7 0
github.com/merlin-network/estake-native/v2/x/lscosmos/types/query.pb.gw.go:776.3,779.17 4 0
github.com/merlin-network/estake-native/v2/x/lscosmos/types/query.pb.gw.go:784.3,784.107 1 0
github.com/merlin-network/estake-native/v2/x/lscosmos/types/query.pb.gw.go:772.17,775.4 2 0
github.com/merlin-network/estake-native/v2/x/lscosmos/types/query.pb.gw.go:779.17,782.4 2 0
github.com/merlin-network/estake-native/v2/x/lscosmos/types/query.pb.gw.go:788.131,795.17 7 0
github.com/merlin-network/estake-native/v2/x/lscosmos/types/query.pb.gw.go:799.3,802.17 4 0
github.com/merlin-network/estake-native/v2/x/lscosmos/types/query.pb.gw.go:807.3,807.114 1 0
github.com/merlin-network/estake-native/v2/x/lscosmos/types/query.pb.gw.go:795.17,798.4 2 0
github.com/merlin-network/estake-native/v2/x/lscosmos/types/query.pb.gw.go:802.17,805.4 2 0
github.com/merlin-network/estake-native/v2/x/lscosmos/types/query.pb.gw.go:811.132,818.17 7 0
github.com/merlin-network/estake-native/v2/x/lscosmos/types/query.pb.gw.go:822.3,825.17 4 0
github.com/merlin-network/estake-native/v2/x/lscosmos/types/query.pb.gw.go:830.3,830.115 1 0
github.com/merlin-network/estake-native/v2/x/lscosmos/types/query.pb.gw.go:818.17,821.4 2 0
github.com/merlin-network/estake-native/v2/x/lscosmos/types/query.pb.gw.go:825.17,828.4 2 0
github.com/merlin-network/estake-native/v2/x/lscosmos/types/query.pb.gw.go:834.135,841.17 7 0
github.com/merlin-network/estake-native/v2/x/lscosmos/types/query.pb.gw.go:845.3,848.17 4 0
github.com/merlin-network/estake-native/v2/x/lscosmos/types/query.pb.gw.go:853.3,853.118 1 0
github.com/merlin-network/estake-native/v2/x/lscosmos/types/query.pb.gw.go:841.17,844.4 2 0
github.com/merlin-network/estake-native/v2/x/lscosmos/types/query.pb.gw.go:848.17,851.4 2 0
github.com/merlin-network/estake-native/v2/x/lscosmos/types/query.pb.gw.go:857.138,864.17 7 0
github.com/merlin-network/estake-native/v2/x/lscosmos/types/query.pb.gw.go:868.3,871.17 4 0
github.com/merlin-network/estake-native/v2/x/lscosmos/types/query.pb.gw.go:876.3,876.121 1 0
github.com/merlin-network/estake-native/v2/x/lscosmos/types/query.pb.gw.go:864.17,867.4 2 0
github.com/merlin-network/estake-native/v2/x/lscosmos/types/query.pb.gw.go:871.17,874.4 2 0
github.com/merlin-network/estake-native/v2/x/lscosmos/types/query.pb.gw.go:880.143,887.17 7 0
github.com/merlin-network/estake-native/v2/x/lscosmos/types/query.pb.gw.go:891.3,894.17 4 0
github.com/merlin-network/estake-native/v2/x/lscosmos/types/query.pb.gw.go:899.3,899.126 1 0
github.com/merlin-network/estake-native/v2/x/lscosmos/types/query.pb.gw.go:887.17,890.4 2 0
github.com/merlin-network/estake-native/v2/x/lscosmos/types/query.pb.gw.go:894.17,897.4 2 0
github.com/merlin-network/estake-native/v2/x/lscosmos/types/query.pb.gw.go:903.127,910.17 7 0
github.com/merlin-network/estake-native/v2/x/lscosmos/types/query.pb.gw.go:914.3,917.17 4 0
github.com/merlin-network/estake-native/v2/x/lscosmos/types/query.pb.gw.go:922.3,922.110 1 0
github.com/merlin-network/estake-native/v2/x/lscosmos/types/query.pb.gw.go:910.17,913.4 2 0
github.com/merlin-network/estake-native/v2/x/lscosmos/types/query.pb.gw.go:917.17,920.4 2 0
github.com/merlin-network/estake-native/v2/x/lscosmos/types/query.pb.gw.go:926.135,933.17 7 0
github.com/merlin-network/estake-native/v2/x/lscosmos/types/query.pb.gw.go:937.3,940.17 4 0
github.com/merlin-network/estake-native/v2/x/lscosmos/types/query.pb.gw.go:945.3,945.118 1 0
github.com/merlin-network/estake-native/v2/x/lscosmos/types/query.pb.gw.go:933.17,936.4 2 0
github.com/merlin-network/estake-native/v2/x/lscosmos/types/query.pb.gw.go:940.17,943.4 2 0
github.com/merlin-network/estake-native/v2/x/lscosmos/types/query.pb.gw.go:949.145,956.17 7 0
github.com/merlin-network/estake-native/v2/x/lscosmos/types/query.pb.gw.go:960.3,963.17 4 0
github.com/merlin-network/estake-native/v2/x/lscosmos/types/query.pb.gw.go:968.3,968.128 1 0
github.com/merlin-network/estake-native/v2/x/lscosmos/types/query.pb.gw.go:956.17,959.4 2 0
github.com/merlin-network/estake-native/v2/x/lscosmos/types/query.pb.gw.go:963.17,966.4 2 0
github.com/merlin-network/estake-native/v2/x/lscosmos/types/query.pb.gw.go:977.136,979.16 2 0
github.com/merlin-network/estake-native/v2/x/lscosmos/types/query.pb.gw.go:982.2,982.15 1 0
github.com/merlin-network/estake-native/v2/x/lscosmos/types/query.pb.gw.go:997.2,997.45 1 0
github.com/merlin-network/estake-native/v2/x/lscosmos/types/query.pb.gw.go:979.16,981.3 1 0
github.com/merlin-network/estake-native/v2/x/lscosmos/types/query.pb.gw.go:982.15,983.17 1 0
github.com/merlin-network/estake-native/v2/x/lscosmos/types/query.pb.gw.go:989.3,989.13 1 0
github.com/merlin-network/estake-native/v2/x/lscosmos/types/query.pb.gw.go:983.17,984.41 1 0
github.com/merlin-network/estake-native/v2/x/lscosmos/types/query.pb.gw.go:987.4,987.10 1 0
github.com/merlin-network/estake-native/v2/x/lscosmos/types/query.pb.gw.go:984.41,986.5 1 0
github.com/merlin-network/estake-native/v2/x/lscosmos/types/query.pb.gw.go:989.13,991.41 2 0
github.com/merlin-network/estake-native/v2/x/lscosmos/types/query.pb.gw.go:991.41,993.5 1 0
github.com/merlin-network/estake-native/v2/x/lscosmos/types/query.pb.gw.go:1002.100,1004.2 1 0
github.com/merlin-network/estake-native/v2/x/lscosmos/types/query.pb.gw.go:1011.103,1013.121 1 0
github.com/merlin-network/estake-native/v2/x/lscosmos/types/query.pb.gw.go:1033.2,1033.130 1 0
github.com/merlin-network/estake-native/v2/x/lscosmos/types/query.pb.gw.go:1053.2,1053.130 1 0
github.com/merlin-network/estake-native/v2/x/lscosmos/types/query.pb.gw.go:1073.2,1073.136 1 0
github.com/merlin-network/estake-native/v2/x/lscosmos/types/query.pb.gw.go:1093.2,1093.121 1 0
github.com/merlin-network/estake-native/v2/x/lscosmos/types/query.pb.gw.go:1113.2,1113.126 1 0
github.com/merlin-network/estake-native/v2/x/lscosmos/types/query.pb.gw.go:1133.2,1133.132 1 0
github.com/merlin-network/estake-native/v2/x/lscosmos/types/query.pb.gw.go:1153.2,1153.124 1 0
github.com/merlin-network/estake-native/v2/x/lscosmos/types/query.pb.gw.go:1173.2,1173.131 1 0
github.com/merlin-network/estake-native/v2/x/lscosmos/types/query.pb.gw.go:1193.2,1193.132 1 0
github.com/merlin-network/estake-native/v2/x/lscosmos/types/query.pb.gw.go:1213.2,1213.135 1 0
github.com/merlin-network/estake-native/v2/x/lscosmos/types/query.pb.gw.go:1233.2,1233.138 1 0
github.com/merlin-network/estake-native/v2/x/lscosmos/types/query.pb.gw.go:1253.2,1253.143 1 0
github.com/merlin-network/estake-native/v2/x/lscosmos/types/query.pb.gw.go:1273.2,1273.127 1 0
github.com/merlin-network/estake-native/v2/x/lscosmos/types/query.pb.gw.go:1293.2,1293.135 1 0
github.com/merlin-network/estake-native/v2/x/lscosmos/types/query.pb.gw.go:1313.2,1313.145 1 0
github.com/merlin-network/estake-native/v2/x/lscosmos/types/query.pb.gw.go:1333.2,1333.12 1 0
github.com/merlin-network/estake-native/v2/x/lscosmos/types/query.pb.gw.go:1013.121,1018.17 5 0
github.com/merlin-network/estake-native/v2/x/lscosmos/types/query.pb.gw.go:1022.3,1024.17 3 0
github.com/merlin-network/estake-native/v2/x/lscosmos/types/query.pb.gw.go:1029.3,1029.104 1 0
github.com/merlin-network/estake-native/v2/x/lscosmos/types/query.pb.gw.go:1018.17,1021.4 2 0
github.com/merlin-network/estake-native/v2/x/lscosmos/types/query.pb.gw.go:1024.17,1027.4 2 0
github.com/merlin-network/estake-native/v2/x/lscosmos/types/query.pb.gw.go:1033.130,1038.17 5 0
github.com/merlin-network/estake-native/v2/x/lscosmos/types/query.pb.gw.go:1042.3,1044.17 3 0
github.com/merlin-network/estake-native/v2/x/lscosmos/types/query.pb.gw.go:1049.3,1049.113 1 0
github.com/merlin-network/estake-native/v2/x/lscosmos/types/query.pb.gw.go:1038.17,1041.4 2 0
github.com/merlin-network/estake-native/v2/x/lscosmos/types/query.pb.gw.go:1044.17,1047.4 2 0
github.com/merlin-network/estake-native/v2/x/lscosmos/types/query.pb.gw.go:1053.130,1058.17 5 0
github.com/merlin-network/estake-native/v2/x/lscosmos/types/query.pb.gw.go:1062.3,1064.17 3 0
github.com/merlin-network/estake-native/v2/x/lscosmos/types/query.pb.gw.go:1069.3,1069.113 1 0
github.com/merlin-network/estake-native/v2/x/lscosmos/types/query.pb.gw.go:1058.17,1061.4 2 0
github.com/merlin-network/estake-native/v2/x/lscosmos/types/query.pb.gw.go:1064.17,1067.4 2 0
github.com/merlin-network/estake-native/v2/x/lscosmos/types/query.pb.gw.go:1073.136,1078.17 5 0
github.com/merlin-network/estake-native/v2/x/lscosmos/types/query.pb.gw.go:1082.3,1084.17 3 0
github.com/merlin-network/estake-native/v2/x/lscosmos/types/query.pb.gw.go:1089.3,1089.119 1 0
github.com/merlin-network/estake-native/v2/x/lscosmos/types/query.pb.gw.go:1078.17,1081.4 2 0
github.com/merlin-network/estake-native/v2/x/lscosmos/types/query.pb.gw.go:1084.17,1087.4 2 0
github.com/merlin-network/estake-native/v2/x/lscosmos/types/query.pb.gw.go:1093.121,1098.17 5 0
github.com/merlin-network/estake-native/v2/x/lscosmos/types/query.pb.gw.go:1102.3,1104.17 3 0
github.com/merlin-network/estake-native/v2/x/lscosmos/types/query.pb.gw.go:1109.3,1109.104 1 0
github.com/merlin-network/estake-native/v2/x/lscosmos/types/query.pb.gw.go:1098.17,1101.4 2 0
github.com/merlin-network/estake-native/v2/x/lscosmos/types/query.pb.gw.go:1104.17,1107.4 2 0
github.com/merlin-network/estake-native/v2/x/lscosmos/types/query.pb.gw.go:1113.126,1118.17 5 0
github.com/merlin-network/estake-native/v2/x/lscosmos/types/query.pb.gw.go:1122.3,1124.17 3 0
github.com/merlin-network/estake-native/v2/x/lscosmos/types/query.pb.gw.go:1129.3,1129.109 1 0
github.com/merlin-network/estake-native/v2/x/lscosmos/types/query.pb.gw.go:1118.17,1121.4 2 0
github.com/merlin-network/estake-native/v2/x/lscosmos/types/query.pb.gw.go:1124.17,1127.4 2 0
github.com/merlin-network/estake-native/v2/x/lscosmos/types/query.pb.gw.go:1133.132,1138.17 5 0
github.com/merlin-network/estake-native/v2/x/lscosmos/types/query.pb.gw.go:1142.3,1144.17 3 0
github.com/merlin-network/estake-native/v2/x/lscosmos/types/query.pb.gw.go:1149.3,1149.115 1 0
github.com/merlin-network/estake-native/v2/x/lscosmos/types/query.pb.gw.go:1138.17,1141.4 2 0
github.com/merlin-network/estake-native/v2/x/lscosmos/types/query.pb.gw.go:1144.17,1147.4 2 0
github.com/merlin-network/estake-native/v2/x/lscosmos/types/query.pb.gw.go:1153.124,1158.17 5 0
github.com/merlin-network/estake-native/v2/x/lscosmos/types/query.pb.gw.go:1162.3,1164.17 3 0
github.com/merlin-network/estake-native/v2/x/lscosmos/types/query.pb.gw.go:1169.3,1169.107 1 0
github.com/merlin-network/estake-native/v2/x/lscosmos/types/query.pb.gw.go:1158.17,1161.4 2 0
github.com/merlin-network/estake-native/v2/x/lscosmos/types/query.pb.gw.go:1164.17,1167.4 2 0
github.com/merlin-network/estake-native/v2/x/lscosmos/types/query.pb.gw.go:1173.131,1178.17 5 0
github.com/merlin-network/estake-native/v2/x/lscosmos/types/query.pb.gw.go:1182.3,1184.17 3 0
github.com/merlin-network/estake-native/v2/x/lscosmos/types/query.pb.gw.go:1189.3,1189.114 1 0
github.com/merlin-network/estake-native/v2/x/lscosmos/types/query.pb.gw.go:1178.17,1181.4 2 0
github.com/merlin-network/estake-native/v2/x/lscosmos/types/query.pb.gw.go:1184.17,1187.4 2 0
github.com/merlin-network/estake-native/v2/x/lscosmos/types/query.pb.gw.go:1193.132,1198.17 5 0
github.com/merlin-network/estake-native/v2/x/lscosmos/types/query.pb.gw.go:1202.3,1204.17 3 0
github.com/merlin-network/estake-native/v2/x/lscosmos/types/query.pb.gw.go:1209.3,1209.115 1 0
github.com/merlin-network/estake-native/v2/x/lscosmos/types/query.pb.gw.go:1198.17,1201.4 2 0
github.com/merlin-network/estake-native/v2/x/lscosmos/types/query.pb.gw.go:1204.17,1207.4 2 0
github.com/merlin-network/estake-native/v2/x/lscosmos/types/query.pb.gw.go:1213.135,1218.17 5 0
github.com/merlin-network/estake-native/v2/x/lscosmos/types/query.pb.gw.go:1222.3,1224.17 3 0
github.com/merlin-network/estake-native/v2/x/lscosmos/types/query.pb.gw.go:1229.3,1229.118 1 0
github.com/merlin-network/estake-native/v2/x/lscosmos/types/query.pb.gw.go:1218.17,1221.4 2 0
github.com/merlin-network/estake-native/v2/x/lscosmos/types/query.pb.gw.go:1224.17,1227.4 2 0
github.com/merlin-network/estake-native/v2/x/lscosmos/types/query.pb.gw.go:1233.138,1238.17 5 0
github.com/merlin-network/estake-native/v2/x/lscosmos/types/query.pb.gw.go:1242.3,1244.17 3 0
github.com/merlin-network/estake-native/v2/x/lscosmos/types/query.pb.gw.go:1249.3,1249.121 1 0
github.com/merlin-network/estake-native/v2/x/lscosmos/types/query.pb.gw.go:1238.17,1241.4 2 0
github.com/merlin-network/estake-native/v2/x/lscosmos/types/query.pb.gw.go:1244.17,1247.4 2 0
github.com/merlin-network/estake-native/v2/x/lscosmos/types/query.pb.gw.go:1253.143,1258.17 5 0
github.com/merlin-network/estake-native/v2/x/lscosmos/types/query.pb.gw.go:1262.3,1264.17 3 0
github.com/merlin-network/estake-native/v2/x/lscosmos/types/query.pb.gw.go:1269.3,1269.126 1 0
github.com/merlin-network/estake-native/v2/x/lscosmos/types/query.pb.gw.go:1258.17,1261.4 2 0
github.com/merlin-network/estake-native/v2/x/lscosmos/types/query.pb.gw.go:1264.17,1267.4 2 0
github.com/merlin-network/estake-native/v2/x/lscosmos/types/query.pb.gw.go:1273.127,1278.17 5 0
github.com/merlin-network/estake-native/v2/x/lscosmos/types/query.pb.gw.go:1282.3,1284.17 3 0
github.com/merlin-network/estake-native/v2/x/lscosmos/types/query.pb.gw.go:1289.3,1289.110 1 0
github.com/merlin-network/estake-native/v2/x/lscosmos/types/query.pb.gw.go:1278.17,1281.4 2 0
github.com/merlin-network/estake-native/v2/x/lscosmos/types/query.pb.gw.go:1284.17,1287.4 2 0
github.com/merlin-network/estake-native/v2/x/lscosmos/types/query.pb.gw.go:1293.135,1298.17 5 0
github.com/merlin-network/estake-native/v2/x/lscosmos/types/query.pb.gw.go:1302.3,1304.17 3 0
github.com/merlin-network/estake-native/v2/x/lscosmos/types/query.pb.gw.go:1309.3,1309.118 1 0
github.com/merlin-network/estake-native/v2/x/lscosmos/types/query.pb.gw.go:1298.17,1301.4 2 0
github.com/merlin-network/estake-native/v2/x/lscosmos/types/query.pb.gw.go:1304.17,1307.4 2 0
github.com/merlin-network/estake-native/v2/x/lscosmos/types/query.pb.gw.go:1313.145,1318.17 5 0
github.com/merlin-network/estake-native/v2/x/lscosmos/types/query.pb.gw.go:1322.3,1324.17 3 0
github.com/merlin-network/estake-native/v2/x/lscosmos/types/query.pb.gw.go:1329.3,1329.128 1 0
github.com/merlin-network/estake-native/v2/x/lscosmos/types/query.pb.gw.go:1318.17,1321.4 2 0
github.com/merlin-network/estake-native/v2/x/lscosmos/types/query.pb.gw.go:1324.17,1327.4 2 0
github.com/merlin-network/estake-native/v2/x/lscosmos/types/governance_proposal.pb.go:39.55,39.96 1 0
github.com/merlin-network/estake-native/v2/x/lscosmos/types/governance_proposal.pb.go:40.56,40.57 0 0
github.com/merlin-network/estake-native/v2/x/lscosmos/types/governance_proposal.pb.go:41.69,43.2 1 0
github.com/merlin-network/estake-native/v2/x/lscosmos/types/governance_proposal.pb.go:44.72,46.2 1 0
github.com/merlin-network/estake-native/v2/x/lscosmos/types/governance_proposal.pb.go:47.100,48.19 1 0
github.com/merlin-network/estake-native/v2/x/lscosmos/types/governance_proposal.pb.go:48.19,50.3 1 0
github.com/merlin-network/estake-native/v2/x/lscosmos/types/governance_proposal.pb.go:50.8,53.17 3 0
github.com/merlin-network/estake-native/v2/x/lscosmos/types/governance_proposal.pb.go:56.3,56.20 1 0
github.com/merlin-network/estake-native/v2/x/lscosmos/types/governance_proposal.pb.go:53.17,55.4 1 0
github.com/merlin-network/estake-native/v2/x/lscosmos/types/governance_proposal.pb.go:59.71,61.2 1 0
github.com/merlin-network/estake-native/v2/x/lscosmos/types/governance_proposal.pb.go:62.57,64.2 1 0
github.com/merlin-network/estake-native/v2/x/lscosmos/types/governance_proposal.pb.go:65.63,67.2 1 0
github.com/merlin-network/estake-native/v2/x/lscosmos/types/governance_proposal.pb.go:77.55,77.96 1 0
github.com/merlin-network/estake-native/v2/x/lscosmos/types/governance_proposal.pb.go:78.56,78.57 0 0
github.com/merlin-network/estake-native/v2/x/lscosmos/types/governance_proposal.pb.go:79.69,81.2 1 0
github.com/merlin-network/estake-native/v2/x/lscosmos/types/governance_proposal.pb.go:82.72,84.2 1 0
github.com/merlin-network/estake-native/v2/x/lscosmos/types/governance_proposal.pb.go:85.100,86.19 1 0
github.com/merlin-network/estake-native/v2/x/lscosmos/types/governance_proposal.pb.go:86.19,88.3 1 0
github.com/merlin-network/estake-native/v2/x/lscosmos/types/governance_proposal.pb.go:88.8,91.17 3 0
github.com/merlin-network/estake-native/v2/x/lscosmos/types/governance_proposal.pb.go:94.3,94.20 1 0
github.com/merlin-network/estake-native/v2/x/lscosmos/types/governance_proposal.pb.go:91.17,93.4 1 0
github.com/merlin-network/estake-native/v2/x/lscosmos/types/governance_proposal.pb.go:97.71,99.2 1 0
github.com/merlin-network/estake-native/v2/x/lscosmos/types/governance_proposal.pb.go:100.57,102.2 1 0
github.com/merlin-network/estake-native/v2/x/lscosmos/types/governance_proposal.pb.go:103.63,105.2 1 0
github.com/merlin-network/estake-native/v2/x/lscosmos/types/governance_proposal.pb.go:115.62,115.110 1 0
github.com/merlin-network/estake-native/v2/x/lscosmos/types/governance_proposal.pb.go:116.63,116.64 0 0
github.com/merlin-network/estake-native/v2/x/lscosmos/types/governance_proposal.pb.go:117.76,119.2 1 0
github.com/merlin-network/estake-native/v2/x/lscosmos/types/governance_proposal.pb.go:120.79,122.2 1 0
github.com/merlin-network/estake-native/v2/x/lscosmos/types/governance_proposal.pb.go:123.107,124.19 1 0
github.com/merlin-network/estake-native/v2/x/lscosmos/types/governance_proposal.pb.go:124.19,126.3 1 0
github.com/merlin-network/estake-native/v2/x/lscosmos/types/governance_proposal.pb.go:126.8,129.17 3 0
github.com/merlin-network/estake-native/v2/x/lscosmos/types/governance_proposal.pb.go:132.3,132.20 1 0
github.com/merlin-network/estake-native/v2/x/lscosmos/types/governance_proposal.pb.go:129.17,131.4 1 0
github.com/merlin-network/estake-native/v2/x/lscosmos/types/governance_proposal.pb.go:135.78,137.2 1 0
github.com/merlin-network/estake-native/v2/x/lscosmos/types/governance_proposal.pb.go:138.64,140.2 1 0
github.com/merlin-network/estake-native/v2/x/lscosmos/types/governance_proposal.pb.go:141.70,143.2 1 0
github.com/merlin-network/estake-native/v2/x/lscosmos/types/governance_proposal.pb.go:147.13,151.2 3 1
github.com/merlin-network/estake-native/v2/x/lscosmos/types/governance_proposal.pb.go:153.13,155.2 1 1
github.com/merlin-network/estake-native/v2/x/lscosmos/types/governance_proposal.pb.go:195.77,199.16 4 0
github.com/merlin-network/estake-native/v2/x/lscosmos/types/governance_proposal.pb.go:202.2,202.22 1 0
github.com/merlin-network/estake-native/v2/x/lscosmos/types/governance_proposal.pb.go:199.16,201.3 1 0
github.com/merlin-network/estake-native/v2/x/lscosmos/types/governance_proposal.pb.go:205.78,208.2 2 0
github.com/merlin-network/estake-native/v2/x/lscosmos/types/governance_proposal.pb.go:210.89,215.2 5 0
github.com/merlin-network/estake-native/v2/x/lscosmos/types/governance_proposal.pb.go:223.2,225.2 3 0
github.com/merlin-network/estake-native/v2/x/lscosmos/types/governance_proposal.pb.go:233.2,235.2 3 0
github.com/merlin-network/estake-native/v2/x/lscosmos/types/governance_proposal.pb.go:243.2,245.2 3 0
github.com/merlin-network/estake-native/v2/x/lscosmos/types/governance_proposal.pb.go:253.2,255.2 3 0
github.com/merlin-network/estake-native/v2/x/lscosmos/types/governance_proposal.pb.go:263.2,265.28 3 0
github.com/merlin-network/estake-native/v2/x/lscosmos/types/governance_proposal.pb.go:272.2,272.22 1 0
github.com/merlin-network/estake-native/v2/x/lscosmos/types/governance_proposal.pb.go:279.2,279.27 1 0
github.com/merlin-network/estake-native/v2/x/lscosmos/types/governance_proposal.pb.go:215.2,218.70 3 0
github.com/merlin-network/estake-native/v2/x/lscosmos/types/governance_proposal.pb.go:221.3,221.60 1 0
github.com/merlin-network/estake-native/v2/x/lscosmos/types/governance_proposal.pb.go:218.70,220.4 1 0
github.com/merlin-network/estake-native/v2/x/lscosmos/types/governance_proposal.pb.go:225.2,228.67 3 0
github.com/merlin-network/estake-native/v2/x/lscosmos/types/governance_proposal.pb.go:231.3,231.60 1 0
github.com/merlin-network/estake-native/v2/x/lscosmos/types/governance_proposal.pb.go:228.67,230.4 1 0
github.com/merlin-network/estake-native/v2/x/lscosmos/types/governance_proposal.pb.go:235.2,238.67 3 0
github.com/merlin-network/estake-native/v2/x/lscosmos/types/governance_proposal.pb.go:241.3,241.60 1 0
github.com/merlin-network/estake-native/v2/x/lscosmos/types/governance_proposal.pb.go:238.67,240.4 1 0
github.com/merlin-network/estake-native/v2/x/lscosmos/types/governance_proposal.pb.go:245.2,248.67 3 0
github.com/merlin-network/estake-native/v2/x/lscosmos/types/governance_proposal.pb.go:251.3,251.60 1 0
github.com/merlin-network/estake-native/v2/x/lscosmos/types/governance_proposal.pb.go:248.67,250.4 1 0
github.com/merlin-network/estake-native/v2/x/lscosmos/types/governance_proposal.pb.go:255.2,258.61 3 0
github.com/merlin-network/estake-native/v2/x/lscosmos/types/governance_proposal.pb.go:261.3,261.60 1 0
github.com/merlin-network/estake-native/v2/x/lscosmos/types/governance_proposal.pb.go:258.61,260.4 1 0
github.com/merlin-network/estake-native/v2/x/lscosmos/types/governance_proposal.pb.go:265.28,271.3 5 0
github.com/merlin-network/estake-native/v2/x/lscosmos/types/governance_proposal.pb.go:272.22,278.3 5 0
github.com/merlin-network/estake-native/v2/x/lscosmos/types/governance_proposal.pb.go:282.77,286.16 4 0
github.com/merlin-network/estake-native/v2/x/lscosmos/types/governance_proposal.pb.go:289.2,289.22 1 0
github.com/merlin-network/estake-native/v2/x/lscosmos/types/governance_proposal.pb.go:286.16,288.3 1 0
github.com/merlin-network/estake-native/v2/x/lscosmos/types/governance_proposal.pb.go:292.78,295.2 2 0
github.com/merlin-network/estake-native/v2/x/lscosmos/types/governance_proposal.pb.go:297.89,302.33 5 0
github.com/merlin-network/estake-native/v2/x/lscosmos/types/governance_proposal.pb.go:309.2,309.28 1 0
github.com/merlin-network/estake-native/v2/x/lscosmos/types/governance_proposal.pb.go:316.2,316.22 1 0
github.com/merlin-network/estake-native/v2/x/lscosmos/types/governance_proposal.pb.go:323.2,323.27 1 0
github.com/merlin-network/estake-native/v2/x/lscosmos/types/governance_proposal.pb.go:302.33,308.3 5 0
github.com/merlin-network/estake-native/v2/x/lscosmos/types/governance_proposal.pb.go:309.28,315.3 5 0
github.com/merlin-network/estake-native/v2/x/lscosmos/types/governance_proposal.pb.go:316.22,322.3 5 0
github.com/merlin-network/estake-native/v2/x/lscosmos/types/governance_proposal.pb.go:326.84,330.16 4 0
github.com/merlin-network/estake-native/v2/x/lscosmos/types/governance_proposal.pb.go:333.2,333.22 1 0
github.com/merlin-network/estake-native/v2/x/lscosmos/types/governance_proposal.pb.go:330.16,332.3 1 0
github.com/merlin-network/estake-native/v2/x/lscosmos/types/governance_proposal.pb.go:336.85,339.2 2 0
github.com/merlin-network/estake-native/v2/x/lscosmos/types/governance_proposal.pb.go:341.96,346.2 5 0
github.com/merlin-network/estake-native/v2/x/lscosmos/types/governance_proposal.pb.go:354.2,356.28 3 0
github.com/merlin-network/estake-native/v2/x/lscosmos/types/governance_proposal.pb.go:363.2,363.22 1 0
github.com/merlin-network/estake-native/v2/x/lscosmos/types/governance_proposal.pb.go:370.2,370.27 1 0
github.com/merlin-network/estake-native/v2/x/lscosmos/types/governance_proposal.pb.go:346.2,348.17 2 0
github.com/merlin-network/estake-native/v2/x/lscosmos/types/governance_proposal.pb.go:351.3,352.60 2 0
github.com/merlin-network/estake-native/v2/x/lscosmos/types/governance_proposal.pb.go:348.17,350.4 1 0
github.com/merlin-network/estake-native/v2/x/lscosmos/types/governance_proposal.pb.go:356.28,362.3 5 0
github.com/merlin-network/estake-native/v2/x/lscosmos/types/governance_proposal.pb.go:363.22,369.3 5 0
github.com/merlin-network/estake-native/v2/x/lscosmos/types/governance_proposal.pb.go:373.76,376.16 3 0
github.com/merlin-network/estake-native/v2/x/lscosmos/types/governance_proposal.pb.go:381.2,382.13 2 0
github.com/merlin-network/estake-native/v2/x/lscosmos/types/governance_proposal.pb.go:376.16,380.3 3 0
github.com/merlin-network/estake-native/v2/x/lscosmos/types/governance_proposal.pb.go:384.57,385.14 1 0
github.com/merlin-network/estake-native/v2/x/lscosmos/types/governance_proposal.pb.go:388.2,391.11 4 0
github.com/merlin-network/estake-native/v2/x/lscosmos/types/governance_proposal.pb.go:394.2,395.11 2 0
github.com/merlin-network/estake-native/v2/x/lscosmos/types/governance_proposal.pb.go:398.2,408.10 11 0
github.com/merlin-network/estake-native/v2/x/lscosmos/types/governance_proposal.pb.go:385.14,387.3 1 0
github.com/merlin-network/estake-native/v2/x/lscosmos/types/governance_proposal.pb.go:391.11,393.3 1 0
github.com/merlin-network/estake-native/v2/x/lscosmos/types/governance_proposal.pb.go:395.11,397.3 1 0
github.com/merlin-network/estake-native/v2/x/lscosmos/types/governance_proposal.pb.go:411.57,412.14 1 0
github.com/merlin-network/estake-native/v2/x/lscosmos/types/governance_proposal.pb.go:415.2,418.11 4 0
github.com/merlin-network/estake-native/v2/x/lscosmos/types/governance_proposal.pb.go:421.2,422.11 2 0
github.com/merlin-network/estake-native/v2/x/lscosmos/types/governance_proposal.pb.go:425.2,426.11 2 0
github.com/merlin-network/estake-native/v2/x/lscosmos/types/governance_proposal.pb.go:429.2,429.10 1 0
github.com/merlin-network/estake-native/v2/x/lscosmos/types/governance_proposal.pb.go:412.14,414.3 1 0
github.com/merlin-network/estake-native/v2/x/lscosmos/types/governance_proposal.pb.go:418.11,420.3 1 0
github.com/merlin-network/estake-native/v2/x/lscosmos/types/governance_proposal.pb.go:422.11,424.3 1 0
github.com/merlin-network/estake-native/v2/x/lscosmos/types/governance_proposal.pb.go:426.11,428.3 1 0
github.com/merlin-network/estake-native/v2/x/lscosmos/types/governance_proposal.pb.go:432.64,433.14 1 0
github.com/merlin-network/estake-native/v2/x/lscosmos/types/governance_proposal.pb.go:436.2,439.11 4 0
github.com/merlin-network/estake-native/v2/x/lscosmos/types/governance_proposal.pb.go:442.2,443.11 2 0
github.com/merlin-network/estake-native/v2/x/lscosmos/types/governance_proposal.pb.go:446.2,448.10 3 0
github.com/merlin-network/estake-native/v2/x/lscosmos/types/governance_proposal.pb.go:433.14,435.3 1 0
github.com/merlin-network/estake-native/v2/x/lscosmos/types/governance_proposal.pb.go:439.11,441.3 1 0
github.com/merlin-network/estake-native/v2/x/lscosmos/types/governance_proposal.pb.go:443.11,445.3 1 0
github.com/merlin-network/estake-native/v2/x/lscosmos/types/governance_proposal.pb.go:451.46,453.2 1 0
github.com/merlin-network/estake-native/v2/x/lscosmos/types/governance_proposal.pb.go:454.46,456.2 1 0
github.com/merlin-network/estake-native/v2/x/lscosmos/types/governance_proposal.pb.go:457.71,460.16 3 0
github.com/merlin-network/estake-native/v2/x/lscosmos/types/governance_proposal.pb.go:736.2,736.15 1 0
github.com/merlin-network/estake-native/v2/x/lscosmos/types/governance_proposal.pb.go:739.2,739.12 1 0
github.com/merlin-network/estake-native/v2/x/lscosmos/types/governance_proposal.pb.go:460.16,463.38 3 0
github.com/merlin-network/estake-native/v2/x/lscosmos/types/governance_proposal.pb.go:477.3,479.20 3 0
github.com/merlin-network/estake-native/v2/x/lscosmos/types/governance_proposal.pb.go:482.3,482.20 1 0
github.com/merlin-network/estake-native/v2/x/lscosmos/types/governance_proposal.pb.go:485.3,485.19 1 0
github.com/merlin-network/estake-native/v2/x/lscosmos/types/governance_proposal.pb.go:463.38,464.19 1 0
github.com/merlin-network/estake-native/v2/x/lscosmos/types/governance_proposal.pb.go:467.4,467.18 1 0
github.com/merlin-network/estake-native/v2/x/lscosmos/types/governance_proposal.pb.go:470.4,473.16 4 0
github.com/merlin-network/estake-native/v2/x/lscosmos/types/governance_proposal.pb.go:464.19,466.5 1 0
github.com/merlin-network/estake-native/v2/x/lscosmos/types/governance_proposal.pb.go:467.18,469.5 1 0
github.com/merlin-network/estake-native/v2/x/lscosmos/types/governance_proposal.pb.go:473.16,474.10 1 0
github.com/merlin-network/estake-native/v2/x/lscosmos/types/governance_proposal.pb.go:479.20,481.4 1 0
github.com/merlin-network/estake-native/v2/x/lscosmos/types/governance_proposal.pb.go:482.20,484.4 1 0
github.com/merlin-network/estake-native/v2/x/lscosmos/types/governance_proposal.pb.go:486.10,487.21 1 0
github.com/merlin-network/estake-native/v2/x/lscosmos/types/governance_proposal.pb.go:490.4,491.39 2 0
github.com/merlin-network/estake-native/v2/x/lscosmos/types/governance_proposal.pb.go:505.4,506.24 2 0
github.com/merlin-network/estake-native/v2/x/lscosmos/types/governance_proposal.pb.go:509.4,510.21 2 0
github.com/merlin-network/estake-native/v2/x/lscosmos/types/governance_proposal.pb.go:513.4,513.21 1 0
github.com/merlin-network/estake-native/v2/x/lscosmos/types/governance_proposal.pb.go:516.4,517.21 2 0
github.com/merlin-network/estake-native/v2/x/lscosmos/types/governance_proposal.pb.go:518.10,519.21 1 0
github.com/merlin-network/estake-native/v2/x/lscosmos/types/governance_proposal.pb.go:522.4,523.39 2 0
github.com/merlin-network/estake-native/v2/x/lscosmos/types/governance_proposal.pb.go:537.4,538.24 2 0
github.com/merlin-network/estake-native/v2/x/lscosmos/types/governance_proposal.pb.go:541.4,542.21 2 0
github.com/merlin-network/estake-native/v2/x/lscosmos/types/governance_proposal.pb.go:545.4,545.21 1 0
github.com/merlin-network/estake-native/v2/x/lscosmos/types/governance_proposal.pb.go:548.4,549.21 2 0
github.com/merlin-network/estake-native/v2/x/lscosmos/types/governance_proposal.pb.go:550.10,551.21 1 0
github.com/merlin-network/estake-native/v2/x/lscosmos/types/governance_proposal.pb.go:554.4,555.39 2 0
github.com/merlin-network/estake-native/v2/x/lscosmos/types/governance_proposal.pb.go:569.4,570.24 2 0
github.com/merlin-network/estake-native/v2/x/lscosmos/types/governance_proposal.pb.go:573.4,574.21 2 0
github.com/merlin-network/estake-native/v2/x/lscosmos/types/governance_proposal.pb.go:577.4,577.21 1 0
github.com/merlin-network/estake-native/v2/x/lscosmos/types/governance_proposal.pb.go:580.4,580.72 1 0
github.com/merlin-network/estake-native/v2/x/lscosmos/types/governance_proposal.pb.go:583.4,583.21 1 0
github.com/merlin-network/estake-native/v2/x/lscosmos/types/governance_proposal.pb.go:584.10,585.21 1 0
github.com/merlin-network/estake-native/v2/x/lscosmos/types/governance_proposal.pb.go:588.4,589.39 2 0
github.com/merlin-network/estake-native/v2/x/lscosmos/types/governance_proposal.pb.go:603.4,604.24 2 0
github.com/merlin-network/estake-native/v2/x/lscosmos/types/governance_proposal.pb.go:607.4,608.21 2 0
github.com/merlin-network/estake-native/v2/x/lscosmos/types/governance_proposal.pb.go:611.4,611.21 1 0
github.com/merlin-network/estake-native/v2/x/lscosmos/types/governance_proposal.pb.go:614.4,614.78 1 0
github.com/merlin-network/estake-native/v2/x/lscosmos/types/governance_proposal.pb.go:617.4,617.21 1 0
github.com/merlin-network/estake-native/v2/x/lscosmos/types/governance_proposal.pb.go:618.10,619.21 1 0
github.com/merlin-network/estake-native/v2/x/lscosmos/types/governance_proposal.pb.go:622.4,623.39 2 0
github.com/merlin-network/estake-native/v2/x/lscosmos/types/governance_proposal.pb.go:637.4,638.24 2 0
github.com/merlin-network/estake-native/v2/x/lscosmos/types/governance_proposal.pb.go:641.4,642.21 2 0
github.com/merlin-network/estake-native/v2/x/lscosmos/types/governance_proposal.pb.go:645.4,645.21 1 0
github.com/merlin-network/estake-native/v2/x/lscosmos/types/governance_proposal.pb.go:648.4,648.78 1 0
github.com/merlin-network/estake-native/v2/x/lscosmos/types/governance_proposal.pb.go:651.4,651.21 1 0
github.com/merlin-network/estake-native/v2/x/lscosmos/types/governance_proposal.pb.go:652.10,653.21 1 0
github.com/merlin-network/estake-native/v2/x/lscosmos/types/governance_proposal.pb.go:656.4,657.39 2 0
github.com/merlin-network/estake-native/v2/x/lscosmos/types/governance_proposal.pb.go:671.4,672.24 2 0
github.com/merlin-network/estake-native/v2/x/lscosmos/types/governance_proposal.pb.go:675.4,676.21 2 0
github.com/merlin-network/estake-native/v2/x/lscosmos/types/governance_proposal.pb.go:679.4,679.21 1 0
github.com/merlin-network/estake-native/v2/x/lscosmos/types/governance_proposal.pb.go:682.4,682.78 1 0
github.com/merlin-network/estake-native/v2/x/lscosmos/types/governance_proposal.pb.go:685.4,685.21 1 0
github.com/merlin-network/estake-native/v2/x/lscosmos/types/governance_proposal.pb.go:686.10,687.21 1 0
github.com/merlin-network/estake-native/v2/x/lscosmos/types/governance_proposal.pb.go:690.4,691.39 2 0
github.com/merlin-network/estake-native/v2/x/lscosmos/types/governance_proposal.pb.go:705.4,706.24 2 0
github.com/merlin-network/estake-native/v2/x/lscosmos/types/governance_proposal.pb.go:709.4,710.21 2 0
github.com/merlin-network/estake-native/v2/x/lscosmos/types/governance_proposal.pb.go:713.4,713.21 1 0
github.com/merlin-network/estake-native/v2/x/lscosmos/types/governance_proposal.pb.go:716.4,716.81 1 0
github.com/merlin-network/estake-native/v2/x/lscosmos/types/governance_proposal.pb.go:719.4,719.21 1 0
github.com/merlin-network/estake-native/v2/x/lscosmos/types/governance_proposal.pb.go:720.11,723.18 3 0
github.com/merlin-network/estake-native/v2/x/lscosmos/types/governance_proposal.pb.go:726.4,726.42 1 0
github.com/merlin-network/estake-native/v2/x/lscosmos/types/governance_proposal.pb.go:729.4,729.28 1 0
github.com/merlin-network/estake-native/v2/x/lscosmos/types/governance_proposal.pb.go:732.4,732.19 1 0
github.com/merlin-network/estake-native/v2/x/lscosmos/types/governance_proposal.pb.go:487.21,489.5 1 0
github.com/merlin-network/estake-native/v2/x/lscosmos/types/governance_proposal.pb.go:491.39,492.20 1 0
github.com/merlin-network/estake-native/v2/x/lscosmos/types/governance_proposal.pb.go:495.5,495.19 1 0
github.com/merlin-network/estake-native/v2/x/lscosmos/types/governance_proposal.pb.go:498.5,501.17 4 0
github.com/merlin-network/estake-native/v2/x/lscosmos/types/governance_proposal.pb.go:492.20,494.6 1 0
github.com/merlin-network/estake-native/v2/x/lscosmos/types/governance_proposal.pb.go:495.19,497.6 1 0
github.com/merlin-network/estake-native/v2/x/lscosmos/types/governance_proposal.pb.go:501.17,502.11 1 0
github.com/merlin-network/estake-native/v2/x/lscosmos/types/governance_proposal.pb.go:506.24,508.5 1 0
github.com/merlin-network/estake-native/v2/x/lscosmos/types/governance_proposal.pb.go:510.21,512.5 1 0
github.com/merlin-network/estake-native/v2/x/lscosmos/types/governance_proposal.pb.go:513.21,515.5 1 0
github.com/merlin-network/estake-native/v2/x/lscosmos/types/governance_proposal.pb.go:519.21,521.5 1 0
github.com/merlin-network/estake-native/v2/x/lscosmos/types/governance_proposal.pb.go:523.39,524.20 1 0
github.com/merlin-network/estake-native/v2/x/lscosmos/types/governance_proposal.pb.go:527.5,527.19 1 0
github.com/merlin-network/estake-native/v2/x/lscosmos/types/governance_proposal.pb.go:530.5,533.17 4 0
github.com/merlin-network/estake-native/v2/x/lscosmos/types/governance_proposal.pb.go:524.20,526.6 1 0
github.com/merlin-network/estake-native/v2/x/lscosmos/types/governance_proposal.pb.go:527.19,529.6 1 0
github.com/merlin-network/estake-native/v2/x/lscosmos/types/governance_proposal.pb.go:533.17,534.11 1 0
github.com/merlin-network/estake-native/v2/x/lscosmos/types/governance_proposal.pb.go:538.24,540.5 1 0
github.com/merlin-network/estake-native/v2/x/lscosmos/types/governance_proposal.pb.go:542.21,544.5 1 0
github.com/merlin-network/estake-native/v2/x/lscosmos/types/governance_proposal.pb.go:545.21,547.5 1 0
github.com/merlin-network/estake-native/v2/x/lscosmos/types/governance_proposal.pb.go:551.21,553.5 1 0
github.com/merlin-network/estake-native/v2/x/lscosmos/types/governance_proposal.pb.go:555.39,556.20 1 0
github.com/merlin-network/estake-native/v2/x/lscosmos/types/governance_proposal.pb.go:559.5,559.19 1 0
github.com/merlin-network/estake-native/v2/x/lscosmos/types/governance_proposal.pb.go:562.5,565.17 4 0
github.com/merlin-network/estake-native/v2/x/lscosmos/types/governance_proposal.pb.go:556.20,558.6 1 0
github.com/merlin-network/estake-native/v2/x/lscosmos/types/governance_proposal.pb.go:559.19,561.6 1 0
github.com/merlin-network/estake-native/v2/x/lscosmos/types/governance_proposal.pb.go:565.17,566.11 1 0
github.com/merlin-network/estake-native/v2/x/lscosmos/types/governance_proposal.pb.go:570.24,572.5 1 0
github.com/merlin-network/estake-native/v2/x/lscosmos/types/governance_proposal.pb.go:574.21,576.5 1 0
github.com/merlin-network/estake-native/v2/x/lscosmos/types/governance_proposal.pb.go:577.21,579.5 1 0
github.com/merlin-network/estake-native/v2/x/lscosmos/types/governance_proposal.pb.go:580.72,582.5 1 0
github.com/merlin-network/estake-native/v2/x/lscosmos/types/governance_proposal.pb.go:585.21,587.5 1 0
github.com/merlin-network/estake-native/v2/x/lscosmos/types/governance_proposal.pb.go:589.39,590.20 1 0
github.com/merlin-network/estake-native/v2/x/lscosmos/types/governance_proposal.pb.go:593.5,593.19 1 0
github.com/merlin-network/estake-native/v2/x/lscosmos/types/governance_proposal.pb.go:596.5,599.17 4 0
github.com/merlin-network/estake-native/v2/x/lscosmos/types/governance_proposal.pb.go:590.20,592.6 1 0
github.com/merlin-network/estake-native/v2/x/lscosmos/types/governance_proposal.pb.go:593.19,595.6 1 0
github.com/merlin-network/estake-native/v2/x/lscosmos/types/governance_proposal.pb.go:599.17,600.11 1 0
github.com/merlin-network/estake-native/v2/x/lscosmos/types/governance_proposal.pb.go:604.24,606.5 1 0
github.com/merlin-network/estake-native/v2/x/lscosmos/types/governance_proposal.pb.go:608.21,610.5 1 0
github.com/merlin-network/estake-native/v2/x/lscosmos/types/governance_proposal.pb.go:611.21,613.5 1 0
github.com/merlin-network/estake-native/v2/x/lscosmos/types/governance_proposal.pb.go:614.78,616.5 1 0
github.com/merlin-network/estake-native/v2/x/lscosmos/types/governance_proposal.pb.go:619.21,621.5 1 0
github.com/merlin-network/estake-native/v2/x/lscosmos/types/governance_proposal.pb.go:623.39,624.20 1 0
github.com/merlin-network/estake-native/v2/x/lscosmos/types/governance_proposal.pb.go:627.5,627.19 1 0
github.com/merlin-network/estake-native/v2/x/lscosmos/types/governance_proposal.pb.go:630.5,633.17 4 0
github.com/merlin-network/estake-native/v2/x/lscosmos/types/governance_proposal.pb.go:624.20,626.6 1 0
github.com/merlin-network/estake-native/v2/x/lscosmos/types/governance_proposal.pb.go:627.19,629.6 1 0
github.com/merlin-network/estake-native/v2/x/lscosmos/types/governance_proposal.pb.go:633.17,634.11 1 0
github.com/merlin-network/estake-native/v2/x/lscosmos/types/governance_proposal.pb.go:638.24,640.5 1 0
github.com/merlin-network/estake-native/v2/x/lscosmos/types/governance_proposal.pb.go:642.21,644.5 1 0
github.com/merlin-network/estake-native/v2/x/lscosmos/types/governance_proposal.pb.go:645.21,647.5 1 0
github.com/merlin-network/estake-native/v2/x/lscosmos/types/governance_proposal.pb.go:648.78,650.5 1 0
github.com/merlin-network/estake-native/v2/x/lscosmos/types/governance_proposal.pb.go:653.21,655.5 1 0
github.com/merlin-network/estake-native/v2/x/lscosmos/types/governance_proposal.pb.go:657.39,658.20 1 0
github.com/merlin-network/estake-native/v2/x/lscosmos/types/governance_proposal.pb.go:661.5,661.19 1 0
github.com/merlin-network/estake-native/v2/x/lscosmos/types/governance_proposal.pb.go:664.5,667.17 4 0
github.com/merlin-network/estake-native/v2/x/lscosmos/types/governance_proposal.pb.go:658.20,660.6 1 0
github.com/merlin-network/estake-native/v2/x/lscosmos/types/governance_proposal.pb.go:661.19,663.6 1 0
github.com/merlin-network/estake-native/v2/x/lscosmos/types/governance_proposal.pb.go:667.17,668.11 1 0
github.com/merlin-network/estake-native/v2/x/lscosmos/types/governance_proposal.pb.go:672.24,674.5 1 0
github.com/merlin-network/estake-native/v2/x/lscosmos/types/governance_proposal.pb.go:676.21,678.5 1 0
github.com/merlin-network/estake-native/v2/x/lscosmos/types/governance_proposal.pb.go:679.21,681.5 1 0
github.com/merlin-network/estake-native/v2/x/lscosmos/types/governance_proposal.pb.go:682.78,684.5 1 0
github.com/merlin-network/estake-native/v2/x/lscosmos/types/governance_proposal.pb.go:687.21,689.5 1 0
github.com/merlin-network/estake-native/v2/x/lscosmos/types/governance_proposal.pb.go:691.39,692.20 1 0
github.com/merlin-network/estake-native/v2/x/lscosmos/types/governance_proposal.pb.go:695.5,695.19 1 0
github.com/merlin-network/estake-native/v2/x/lscosmos/types/governance_proposal.pb.go:698.5,701.17 4 0
github.com/merlin-network/estake-native/v2/x/lscosmos/types/governance_proposal.pb.go:692.20,694.6 1 0
github.com/merlin-network/estake-native/v2/x/lscosmos/types/governance_proposal.pb.go:695.19,697.6 1 0
github.com/merlin-network/estake-native/v2/x/lscosmos/types/governance_proposal.pb.go:701.17,702.11 1 0
github.com/merlin-network/estake-native/v2/x/lscosmos/types/governance_proposal.pb.go:706.24,708.5 1 0
github.com/merlin-network/estake-native/v2/x/lscosmos/types/governance_proposal.pb.go:710.21,712.5 1 0
github.com/merlin-network/estake-native/v2/x/lscosmos/types/governance_proposal.pb.go:713.21,715.5 1 0
github.com/merlin-network/estake-native/v2/x/lscosmos/types/governance_proposal.pb.go:716.81,718.5 1 0
github.com/merlin-network/estake-native/v2/x/lscosmos/types/governance_proposal.pb.go:723.18,725.5 1 0
github.com/merlin-network/estake-native/v2/x/lscosmos/types/governance_proposal.pb.go:726.42,728.5 1 0
github.com/merlin-network/estake-native/v2/x/lscosmos/types/governance_proposal.pb.go:729.28,731.5 1 0
github.com/merlin-network/estake-native/v2/x/lscosmos/types/governance_proposal.pb.go:736.15,738.3 1 0
github.com/merlin-network/estake-native/v2/x/lscosmos/types/governance_proposal.pb.go:741.71,744.16 3 0
github.com/merlin-network/estake-native/v2/x/lscosmos/types/governance_proposal.pb.go:882.2,882.15 1 0
github.com/merlin-network/estake-native/v2/x/lscosmos/types/governance_proposal.pb.go:885.2,885.12 1 0
github.com/merlin-network/estake-native/v2/x/lscosmos/types/governance_proposal.pb.go:744.16,747.38 3 0
github.com/merlin-network/estake-native/v2/x/lscosmos/types/governance_proposal.pb.go:761.3,763.20 3 0
github.com/merlin-network/estake-native/v2/x/lscosmos/types/governance_proposal.pb.go:766.3,766.20 1 0
github.com/merlin-network/estake-native/v2/x/lscosmos/types/governance_proposal.pb.go:769.3,769.19 1 0
github.com/merlin-network/estake-native/v2/x/lscosmos/types/governance_proposal.pb.go:747.38,748.19 1 0
github.com/merlin-network/estake-native/v2/x/lscosmos/types/governance_proposal.pb.go:751.4,751.18 1 0
github.com/merlin-network/estake-native/v2/x/lscosmos/types/governance_proposal.pb.go:754.4,757.16 4 0
github.com/merlin-network/estake-native/v2/x/lscosmos/types/governance_proposal.pb.go:748.19,750.5 1 0
github.com/merlin-network/estake-native/v2/x/lscosmos/types/governance_proposal.pb.go:751.18,753.5 1 0
github.com/merlin-network/estake-native/v2/x/lscosmos/types/governance_proposal.pb.go:757.16,758.10 1 0
github.com/merlin-network/estake-native/v2/x/lscosmos/types/governance_proposal.pb.go:763.20,765.4 1 0
github.com/merlin-network/estake-native/v2/x/lscosmos/types/governance_proposal.pb.go:766.20,768.4 1 0
github.com/merlin-network/estake-native/v2/x/lscosmos/types/governance_proposal.pb.go:770.10,771.21 1 0
github.com/merlin-network/estake-native/v2/x/lscosmos/types/governance_proposal.pb.go:774.4,775.39 2 0
github.com/merlin-network/estake-native/v2/x/lscosmos/types/governance_proposal.pb.go:789.4,790.24 2 0
github.com/merlin-network/estake-native/v2/x/lscosmos/types/governance_proposal.pb.go:793.4,794.21 2 0
github.com/merlin-network/estake-native/v2/x/lscosmos/types/governance_proposal.pb.go:797.4,797.21 1 0
github.com/merlin-network/estake-native/v2/x/lscosmos/types/governance_proposal.pb.go:800.4,801.21 2 0
github.com/merlin-network/estake-native/v2/x/lscosmos/types/governance_proposal.pb.go:802.10,803.21 1 0
github.com/merlin-network/estake-native/v2/x/lscosmos/types/governance_proposal.pb.go:806.4,807.39 2 0
github.com/merlin-network/estake-native/v2/x/lscosmos/types/governance_proposal.pb.go:821.4,822.24 2 0
github.com/merlin-network/estake-native/v2/x/lscosmos/types/governance_proposal.pb.go:825.4,826.21 2 0
github.com/merlin-network/estake-native/v2/x/lscosmos/types/governance_proposal.pb.go:829.4,829.21 1 0
github.com/merlin-network/estake-native/v2/x/lscosmos/types/governance_proposal.pb.go:832.4,833.21 2 0
github.com/merlin-network/estake-native/v2/x/lscosmos/types/governance_proposal.pb.go:834.10,835.21 1 0
github.com/merlin-network/estake-native/v2/x/lscosmos/types/governance_proposal.pb.go:838.4,839.39 2 0
github.com/merlin-network/estake-native/v2/x/lscosmos/types/governance_proposal.pb.go:853.4,854.24 2 0
github.com/merlin-network/estake-native/v2/x/lscosmos/types/governance_proposal.pb.go:857.4,858.21 2 0
github.com/merlin-network/estake-native/v2/x/lscosmos/types/governance_proposal.pb.go:861.4,861.21 1 0
github.com/merlin-network/estake-native/v2/x/lscosmos/types/governance_proposal.pb.go:864.4,865.21 2 0
github.com/merlin-network/estake-native/v2/x/lscosmos/types/governance_proposal.pb.go:866.11,869.18 3 0
github.com/merlin-network/estake-native/v2/x/lscosmos/types/governance_proposal.pb.go:872.4,872.42 1 0
github.com/merlin-network/estake-native/v2/x/lscosmos/types/governance_proposal.pb.go:875.4,875.28 1 0
github.com/merlin-network/estake-native/v2/x/lscosmos/types/governance_proposal.pb.go:878.4,878.19 1 0
github.com/merlin-network/estake-native/v2/x/lscosmos/types/governance_proposal.pb.go:771.21,773.5 1 0
github.com/merlin-network/estake-native/v2/x/lscosmos/types/governance_proposal.pb.go:775.39,776.20 1 0
github.com/merlin-network/estake-native/v2/x/lscosmos/types/governance_proposal.pb.go:779.5,779.19 1 0
github.com/merlin-network/estake-native/v2/x/lscosmos/types/governance_proposal.pb.go:782.5,785.17 4 0
github.com/merlin-network/estake-native/v2/x/lscosmos/types/governance_proposal.pb.go:776.20,778.6 1 0
github.com/merlin-network/estake-native/v2/x/lscosmos/types/governance_proposal.pb.go:779.19,781.6 1 0
github.com/merlin-network/estake-native/v2/x/lscosmos/types/governance_proposal.pb.go:785.17,786.11 1 0
github.com/merlin-network/estake-native/v2/x/lscosmos/types/governance_proposal.pb.go:790.24,792.5 1 0
github.com/merlin-network/estake-native/v2/x/lscosmos/types/governance_proposal.pb.go:794.21,796.5 1 0
github.com/merlin-network/estake-native/v2/x/lscosmos/types/governance_proposal.pb.go:797.21,799.5 1 0
github.com/merlin-network/estake-native/v2/x/lscosmos/types/governance_proposal.pb.go:803.21,805.5 1 0
github.com/merlin-network/estake-native/v2/x/lscosmos/types/governance_proposal.pb.go:807.39,808.20 1 0
github.com/merlin-network/estake-native/v2/x/lscosmos/types/governance_proposal.pb.go:811.5,811.19 1 0
github.com/merlin-network/estake-native/v2/x/lscosmos/types/governance_proposal.pb.go:814.5,817.17 4 0
github.com/merlin-network/estake-native/v2/x/lscosmos/types/governance_proposal.pb.go:808.20,810.6 1 0
github.com/merlin-network/estake-native/v2/x/lscosmos/types/governance_proposal.pb.go:811.19,813.6 1 0
github.com/merlin-network/estake-native/v2/x/lscosmos/types/governance_proposal.pb.go:817.17,818.11 1 0
github.com/merlin-network/estake-native/v2/x/lscosmos/types/governance_proposal.pb.go:822.24,824.5 1 0
github.com/merlin-network/estake-native/v2/x/lscosmos/types/governance_proposal.pb.go:826.21,828.5 1 0
github.com/merlin-network/estake-native/v2/x/lscosmos/types/governance_proposal.pb.go:829.21,831.5 1 0
github.com/merlin-network/estake-native/v2/x/lscosmos/types/governance_proposal.pb.go:835.21,837.5 1 0
github.com/merlin-network/estake-native/v2/x/lscosmos/types/governance_proposal.pb.go:839.39,840.20 1 0
github.com/merlin-network/estake-native/v2/x/lscosmos/types/governance_proposal.pb.go:843.5,843.19 1 0
github.com/merlin-network/estake-native/v2/x/lscosmos/types/governance_proposal.pb.go:846.5,849.17 4 0
github.com/merlin-network/estake-native/v2/x/lscosmos/types/governance_proposal.pb.go:840.20,842.6 1 0
github.com/merlin-network/estake-native/v2/x/lscosmos/types/governance_proposal.pb.go:843.19,845.6 1 0
github.com/merlin-network/estake-native/v2/x/lscosmos/types/governance_proposal.pb.go:849.17,850.11 1 0
github.com/merlin-network/estake-native/v2/x/lscosmos/types/governance_proposal.pb.go:854.24,856.5 1 0
github.com/merlin-network/estake-native/v2/x/lscosmos/types/governance_proposal.pb.go:858.21,860.5 1 0
github.com/merlin-network/estake-native/v2/x/lscosmos/types/governance_proposal.pb.go:861.21,863.5 1 0
github.com/merlin-network/estake-native/v2/x/lscosmos/types/governance_proposal.pb.go:869.18,871.5 1 0
github.com/merlin-network/estake-native/v2/x/lscosmos/types/governance_proposal.pb.go:872.42,874.5 1 0
github.com/merlin-network/estake-native/v2/x/lscosmos/types/governance_proposal.pb.go:875.28,877.5 1 0
github.com/merlin-network/estake-native/v2/x/lscosmos/types/governance_proposal.pb.go:882.15,884.3 1 0
github.com/merlin-network/estake-native/v2/x/lscosmos/types/governance_proposal.pb.go:887.78,890.16 3 0
github.com/merlin-network/estake-native/v2/x/lscosmos/types/governance_proposal.pb.go:1029.2,1029.15 1 0
github.com/merlin-network/estake-native/v2/x/lscosmos/types/governance_proposal.pb.go:1032.2,1032.12 1 0
github.com/merlin-network/estake-native/v2/x/lscosmos/types/governance_proposal.pb.go:890.16,893.38 3 0
github.com/merlin-network/estake-native/v2/x/lscosmos/types/governance_proposal.pb.go:907.3,909.20 3 0
github.com/merlin-network/estake-native/v2/x/lscosmos/types/governance_proposal.pb.go:912.3,912.20 1 0
github.com/merlin-network/estake-native/v2/x/lscosmos/types/governance_proposal.pb.go:915.3,915.19 1 0
github.com/merlin-network/estake-native/v2/x/lscosmos/types/governance_proposal.pb.go:893.38,894.19 1 0
github.com/merlin-network/estake-native/v2/x/lscosmos/types/governance_proposal.pb.go:897.4,897.18 1 0
github.com/merlin-network/estake-native/v2/x/lscosmos/types/governance_proposal.pb.go:900.4,903.16 4 0
github.com/merlin-network/estake-native/v2/x/lscosmos/types/governance_proposal.pb.go:894.19,896.5 1 0
github.com/merlin-network/estake-native/v2/x/lscosmos/types/governance_proposal.pb.go:897.18,899.5 1 0
github.com/merlin-network/estake-native/v2/x/lscosmos/types/governance_proposal.pb.go:903.16,904.10 1 0
github.com/merlin-network/estake-native/v2/x/lscosmos/types/governance_proposal.pb.go:909.20,911.4 1 0
github.com/merlin-network/estake-native/v2/x/lscosmos/types/governance_proposal.pb.go:912.20,914.4 1 0
github.com/merlin-network/estake-native/v2/x/lscosmos/types/governance_proposal.pb.go:916.10,917.21 1 0
github.com/merlin-network/estake-native/v2/x/lscosmos/types/governance_proposal.pb.go:920.4,921.39 2 0
github.com/merlin-network/estake-native/v2/x/lscosmos/types/governance_proposal.pb.go:935.4,936.24 2 0
github.com/merlin-network/estake-native/v2/x/lscosmos/types/governance_proposal.pb.go:939.4,940.21 2 0
github.com/merlin-network/estake-native/v2/x/lscosmos/types/governance_proposal.pb.go:943.4,943.21 1 0
github.com/merlin-network/estake-native/v2/x/lscosmos/types/governance_proposal.pb.go:946.4,947.21 2 0
github.com/merlin-network/estake-native/v2/x/lscosmos/types/governance_proposal.pb.go:948.10,949.21 1 0
github.com/merlin-network/estake-native/v2/x/lscosmos/types/governance_proposal.pb.go:952.4,953.39 2 0
github.com/merlin-network/estake-native/v2/x/lscosmos/types/governance_proposal.pb.go:967.4,968.24 2 0
github.com/merlin-network/estake-native/v2/x/lscosmos/types/governance_proposal.pb.go:971.4,972.21 2 0
github.com/merlin-network/estake-native/v2/x/lscosmos/types/governance_proposal.pb.go:975.4,975.21 1 0
github.com/merlin-network/estake-native/v2/x/lscosmos/types/governance_proposal.pb.go:978.4,979.21 2 0
github.com/merlin-network/estake-native/v2/x/lscosmos/types/governance_proposal.pb.go:980.10,981.21 1 0
github.com/merlin-network/estake-native/v2/x/lscosmos/types/governance_proposal.pb.go:984.4,985.39 2 0
github.com/merlin-network/estake-native/v2/x/lscosmos/types/governance_proposal.pb.go:999.4,999.18 1 0
github.com/merlin-network/estake-native/v2/x/lscosmos/types/governance_proposal.pb.go:1002.4,1003.21 2 0
github.com/merlin-network/estake-native/v2/x/lscosmos/types/governance_proposal.pb.go:1006.4,1006.21 1 0
github.com/merlin-network/estake-native/v2/x/lscosmos/types/governance_proposal.pb.go:1009.4,1009.83 1 0
github.com/merlin-network/estake-native/v2/x/lscosmos/types/governance_proposal.pb.go:1012.4,1012.21 1 0
github.com/merlin-network/estake-native/v2/x/lscosmos/types/governance_proposal.pb.go:1013.11,1016.18 3 0
github.com/merlin-network/estake-native/v2/x/lscosmos/types/governance_proposal.pb.go:1019.4,1019.42 1 0
github.com/merlin-network/estake-native/v2/x/lscosmos/types/governance_proposal.pb.go:1022.4,1022.28 1 0
github.com/merlin-network/estake-native/v2/x/lscosmos/types/governance_proposal.pb.go:1025.4,1025.19 1 0
github.com/merlin-network/estake-native/v2/x/lscosmos/types/governance_proposal.pb.go:917.21,919.5 1 0
github.com/merlin-network/estake-native/v2/x/lscosmos/types/governance_proposal.pb.go:921.39,922.20 1 0
github.com/merlin-network/estake-native/v2/x/lscosmos/types/governance_proposal.pb.go:925.5,925.19 1 0
github.com/merlin-network/estake-native/v2/x/lscosmos/types/governance_proposal.pb.go:928.5,931.17 4 0
github.com/merlin-network/estake-native/v2/x/lscosmos/types/governance_proposal.pb.go:922.20,924.6 1 0
github.com/merlin-network/estake-native/v2/x/lscosmos/types/governance_proposal.pb.go:925.19,927.6 1 0
github.com/merlin-network/estake-native/v2/x/lscosmos/types/governance_proposal.pb.go:931.17,932.11 1 0
github.com/merlin-network/estake-native/v2/x/lscosmos/types/governance_proposal.pb.go:936.24,938.5 1 0
github.com/merlin-network/estake-native/v2/x/lscosmos/types/governance_proposal.pb.go:940.21,942.5 1 0
github.com/merlin-network/estake-native/v2/x/lscosmos/types/governance_proposal.pb.go:943.21,945.5 1 0
github.com/merlin-network/estake-native/v2/x/lscosmos/types/governance_proposal.pb.go:949.21,951.5 1 0
github.com/merlin-network/estake-native/v2/x/lscosmos/types/governance_proposal.pb.go:953.39,954.20 1 0
github.com/merlin-network/estake-native/v2/x/lscosmos/types/governance_proposal.pb.go:957.5,957.19 1 0
github.com/merlin-network/estake-native/v2/x/lscosmos/types/governance_proposal.pb.go:960.5,963.17 4 0
github.com/merlin-network/estake-native/v2/x/lscosmos/types/governance_proposal.pb.go:954.20,956.6 1 0
github.com/merlin-network/estake-native/v2/x/lscosmos/types/governance_proposal.pb.go:957.19,959.6 1 0
github.com/merlin-network/estake-native/v2/x/lscosmos/types/governance_proposal.pb.go:963.17,964.11 1 0
github.com/merlin-network/estake-native/v2/x/lscosmos/types/governance_proposal.pb.go:968.24,970.5 1 0
github.com/merlin-network/estake-native/v2/x/lscosmos/types/governance_proposal.pb.go:972.21,974.5 1 0
github.com/merlin-network/estake-native/v2/x/lscosmos/types/governance_proposal.pb.go:975.21,977.5 1 0
github.com/merlin-network/estake-native/v2/x/lscosmos/types/governance_proposal.pb.go:981.21,983.5 1 0
github.com/merlin-network/estake-native/v2/x/lscosmos/types/governance_proposal.pb.go:985.39,986.20 1 0
github.com/merlin-network/estake-native/v2/x/lscosmos/types/governance_proposal.pb.go:989.5,989.19 1 0
github.com/merlin-network/estake-native/v2/x/lscosmos/types/governance_proposal.pb.go:992.5,995.17 4 0
github.com/merlin-network/estake-native/v2/x/lscosmos/types/governance_proposal.pb.go:986.20,988.6 1 0
github.com/merlin-network/estake-native/v2/x/lscosmos/types/governance_proposal.pb.go:989.19,991.6 1 0
github.com/merlin-network/estake-native/v2/x/lscosmos/types/governance_proposal.pb.go:995.17,996.11 1 0
github.com/merlin-network/estake-native/v2/x/lscosmos/types/governance_proposal.pb.go:999.18,1001.5 1 0
github.com/merlin-network/estake-native/v2/x/lscosmos/types/governance_proposal.pb.go:1003.21,1005.5 1 0
github.com/merlin-network/estake-native/v2/x/lscosmos/types/governance_proposal.pb.go:1006.21,1008.5 1 0
github.com/merlin-network/estake-native/v2/x/lscosmos/types/governance_proposal.pb.go:1009.83,1011.5 1 0
github.com/merlin-network/estake-native/v2/x/lscosmos/types/governance_proposal.pb.go:1016.18,1018.5 1 0
github.com/merlin-network/estake-native/v2/x/lscosmos/types/governance_proposal.pb.go:1019.42,1021.5 1 0
github.com/merlin-network/estake-native/v2/x/lscosmos/types/governance_proposal.pb.go:1022.28,1024.5 1 0
github.com/merlin-network/estake-native/v2/x/lscosmos/types/governance_proposal.pb.go:1029.15,1031.3 1 0
github.com/merlin-network/estake-native/v2/x/lscosmos/types/governance_proposal.pb.go:1034.61,1038.16 4 0
github.com/merlin-network/estake-native/v2/x/lscosmos/types/governance_proposal.pb.go:1110.2,1110.31 1 0
github.com/merlin-network/estake-native/v2/x/lscosmos/types/governance_proposal.pb.go:1038.16,1040.38 2 0
github.com/merlin-network/estake-native/v2/x/lscosmos/types/governance_proposal.pb.go:1054.3,1055.19 2 0
github.com/merlin-network/estake-native/v2/x/lscosmos/types/governance_proposal.pb.go:1103.3,1103.16 1 0
github.com/merlin-network/estake-native/v2/x/lscosmos/types/governance_proposal.pb.go:1106.3,1106.17 1 0
github.com/merlin-network/estake-native/v2/x/lscosmos/types/governance_proposal.pb.go:1040.38,1041.19 1 0
github.com/merlin-network/estake-native/v2/x/lscosmos/types/governance_proposal.pb.go:1044.4,1044.18 1 0
github.com/merlin-network/estake-native/v2/x/lscosmos/types/governance_proposal.pb.go:1047.4,1050.16 4 0
github.com/merlin-network/estake-native/v2/x/lscosmos/types/governance_proposal.pb.go:1041.19,1043.5 1 0
github.com/merlin-network/estake-native/v2/x/lscosmos/types/governance_proposal.pb.go:1044.18,1046.5 1 0
github.com/merlin-network/estake-native/v2/x/lscosmos/types/governance_proposal.pb.go:1050.16,1051.10 1 0
github.com/merlin-network/estake-native/v2/x/lscosmos/types/governance_proposal.pb.go:1056.10,1057.39 1 0
github.com/merlin-network/estake-native/v2/x/lscosmos/types/governance_proposal.pb.go:1069.10,1070.14 1 0
github.com/merlin-network/estake-native/v2/x/lscosmos/types/governance_proposal.pb.go:1071.10,1073.39 2 0
github.com/merlin-network/estake-native/v2/x/lscosmos/types/governance_proposal.pb.go:1087.4,1087.18 1 0
github.com/merlin-network/estake-native/v2/x/lscosmos/types/governance_proposal.pb.go:1090.4,1090.19 1 0
github.com/merlin-network/estake-native/v2/x/lscosmos/types/governance_proposal.pb.go:1091.10,1092.11 1 0
github.com/merlin-network/estake-native/v2/x/lscosmos/types/governance_proposal.pb.go:1093.10,1094.18 1 0
github.com/merlin-network/estake-native/v2/x/lscosmos/types/governance_proposal.pb.go:1097.4,1097.11 1 0
github.com/merlin-network/estake-native/v2/x/lscosmos/types/governance_proposal.pb.go:1098.10,1099.14 1 0
github.com/merlin-network/estake-native/v2/x/lscosmos/types/governance_proposal.pb.go:1100.11,1101.64 1 0
github.com/merlin-network/estake-native/v2/x/lscosmos/types/governance_proposal.pb.go:1057.39,1058.20 1 0
github.com/merlin-network/estake-native/v2/x/lscosmos/types/governance_proposal.pb.go:1061.5,1061.19 1 0
github.com/merlin-network/estake-native/v2/x/lscosmos/types/governance_proposal.pb.go:1064.5,1065.29 2 0
github.com/merlin-network/estake-native/v2/x/lscosmos/types/governance_proposal.pb.go:1058.20,1060.6 1 0
github.com/merlin-network/estake-native/v2/x/lscosmos/types/governance_proposal.pb.go:1061.19,1063.6 1 0
github.com/merlin-network/estake-native/v2/x/lscosmos/types/governance_proposal.pb.go:1065.29,1066.11 1 0
github.com/merlin-network/estake-native/v2/x/lscosmos/types/governance_proposal.pb.go:1073.39,1074.20 1 0
github.com/merlin-network/estake-native/v2/x/lscosmos/types/governance_proposal.pb.go:1077.5,1077.19 1 0
github.com/merlin-network/estake-native/v2/x/lscosmos/types/governance_proposal.pb.go:1080.5,1083.17 4 0
github.com/merlin-network/estake-native/v2/x/lscosmos/types/governance_proposal.pb.go:1074.20,1076.6 1 0
github.com/merlin-network/estake-native/v2/x/lscosmos/types/governance_proposal.pb.go:1077.19,1079.6 1 0
github.com/merlin-network/estake-native/v2/x/lscosmos/types/governance_proposal.pb.go:1083.17,1084.11 1 0
github.com/merlin-network/estake-native/v2/x/lscosmos/types/governance_proposal.pb.go:1087.18,1089.5 1 0
github.com/merlin-network/estake-native/v2/x/lscosmos/types/governance_proposal.pb.go:1094.18,1096.5 1 0
github.com/merlin-network/estake-native/v2/x/lscosmos/types/governance_proposal.pb.go:1103.16,1105.4 1 0
github.com/merlin-network/estake-native/v2/x/lscosmos/types/governance_proposal.pb.go:1106.17,1108.4 1 0
github.com/merlin-network/estake-native/v2/x/lscosmos/types/keys.go:120.59,122.2 1 0
github.com/merlin-network/estake-native/v2/x/lscosmos/types/keys.go:126.100,128.2 1 0
github.com/merlin-network/estake-native/v2/x/lscosmos/types/keys.go:132.88,134.2 1 0
github.com/merlin-network/estake-native/v2/x/lscosmos/types/lscosmos.go:27.47,28.15 1 1
github.com/merlin-network/estake-native/v2/x/lscosmos/types/lscosmos.go:31.2,31.75 1 1
github.com/merlin-network/estake-native/v2/x/lscosmos/types/lscosmos.go:35.2,37.45 3 1
github.com/merlin-network/estake-native/v2/x/lscosmos/types/lscosmos.go:53.2,53.32 1 1
github.com/merlin-network/estake-native/v2/x/lscosmos/types/lscosmos.go:28.15,30.3 1 0
github.com/merlin-network/estake-native/v2/x/lscosmos/types/lscosmos.go:31.75,33.3 1 0
github.com/merlin-network/estake-native/v2/x/lscosmos/types/lscosmos.go:37.45,38.90 1 1
github.com/merlin-network/estake-native/v2/x/lscosmos/types/lscosmos.go:41.3,42.9 2 1
github.com/merlin-network/estake-native/v2/x/lscosmos/types/lscosmos.go:45.3,47.34 2 1
github.com/merlin-network/estake-native/v2/x/lscosmos/types/lscosmos.go:51.3,51.32 1 1
github.com/merlin-network/estake-native/v2/x/lscosmos/types/lscosmos.go:38.90,40.4 1 0
github.com/merlin-network/estake-native/v2/x/lscosmos/types/lscosmos.go:42.9,44.4 1 0
github.com/merlin-network/estake-native/v2/x/lscosmos/types/lscosmos.go:47.34,49.4 1 0
github.com/merlin-network/estake-native/v2/x/lscosmos/types/lscosmos.go:57.73,60.55 2 0
github.com/merlin-network/estake-native/v2/x/lscosmos/types/lscosmos.go:63.2,63.19 1 0
github.com/merlin-network/estake-native/v2/x/lscosmos/types/lscosmos.go:60.55,62.3 1 0
github.com/merlin-network/estake-native/v2/x/lscosmos/types/lscosmos.go:66.37,68.2 1 0
github.com/merlin-network/estake-native/v2/x/lscosmos/types/lscosmos.go:70.47,72.2 1 0
github.com/merlin-network/estake-native/v2/x/lscosmos/types/lscosmos.go:74.42,76.2 1 0
github.com/merlin-network/estake-native/v2/x/lscosmos/types/lscosmos.go:79.95,84.2 1 0
github.com/merlin-network/estake-native/v2/x/lscosmos/types/lscosmos.go:86.43,88.2 1 0
github.com/merlin-network/estake-native/v2/x/lscosmos/types/lscosmos.go:90.53,92.2 1 0
github.com/merlin-network/estake-native/v2/x/lscosmos/types/lscosmos.go:94.48,96.2 1 0
github.com/merlin-network/estake-native/v2/x/lscosmos/types/lscosmos.go:99.71,103.2 1 0
github.com/merlin-network/estake-native/v2/x/lscosmos/types/lscosmos.go:106.97,107.42 1 1
github.com/merlin-network/estake-native/v2/x/lscosmos/types/lscosmos.go:111.2,112.16 2 1
github.com/merlin-network/estake-native/v2/x/lscosmos/types/lscosmos.go:116.2,117.16 2 1
github.com/merlin-network/estake-native/v2/x/lscosmos/types/lscosmos.go:121.2,121.16 1 1
github.com/merlin-network/estake-native/v2/x/lscosmos/types/lscosmos.go:107.42,109.3 1 0
github.com/merlin-network/estake-native/v2/x/lscosmos/types/lscosmos.go:112.16,114.3 1 0
github.com/merlin-network/estake-native/v2/x/lscosmos/types/lscosmos.go:117.16,119.3 1 0
github.com/merlin-network/estake-native/v2/x/lscosmos/types/lscosmos.go:124.88,125.21 1 0
[...]
github.com/merlin-network/estake-native/v2/x/lselysium/types/liquidstaking.pb.go:1913.4,1914.24 2 0
github.com/merlin-network/estake-native/v2/x/lselysium/types/liquidstaking.pb.go:1917.4,1918.21 2 0
github.com/merlin-network/estake-native/v2/x/lselysium/types/liquidstaking.pb.go:1921.4,1921.21 1 0
github.com/merlin-network/estake-native/v2/x/lselysium/types/liquidstaking.pb.go:1924.4,1924.80 1 0
github.com/merlin-network/estake-native/v2/x/lselysium/types/liquidstaking.pb.go:1927.4,1927.21 1 0
github.com/merlin-network/estake-native/v2/x/lselysium/types/liquidstaking.pb.go:1928.10,1929.21 1 0
github.com/merlin-network/estake-native/v2/x/lselysium/types/liquidstaking.pb.go:1932.4,1933.39 2 0
github.com/merlin-network/estake-native/v2/x/lselysium/types/liquidstaking.pb.go:1947.4,1948.24 2 0
github.com/merlin-network/estake-native/v2/x/lselysium/types/liquidstaking.pb.go:1951.4,1952.21 2 0
github.com/merlin-network/estake-native/v2/x/lselysium/types/liquidstaking.pb.go:1955.4,1955.21 1 0
github.com/merlin-network/estake-native/v2/x/lselysium/types/liquidstaking.pb.go:1958.4,1958.86 1 0
github.com/merlin-network/estake-native/v2/x/lselysium/types/liquidstaking.pb.go:1961.4,1961.21 1 0
github.com/merlin-network/estake-native/v2/x/lselysium/types/liquidstaking.pb.go:1962.10,1963.21 1 0
github.com/merlin-network/estake-native/v2/x/lselysium/types/liquidstaking.pb.go:1966.4,1967.39 2 0
github.com/merlin-network/estake-native/v2/x/lselysium/types/liquidstaking.pb.go:1981.4,1982.24 2 0
github.com/merlin-network/estake-native/v2/x/lselysium/types/liquidstaking.pb.go:1985.4,1986.21 2 0
github.com/merlin-network/estake-native/v2/x/lselysium/types/liquidstaking.pb.go:1989.4,1989.21 1 0
github.com/merlin-network/estake-native/v2/x/lselysium/types/liquidstaking.pb.go:1992.4,1992.82 1 0
github.com/merlin-network/estake-native/v2/x/lselysium/types/liquidstaking.pb.go:1995.4,1995.21 1 0
github.com/merlin-network/estake-native/v2/x/lselysium/types/liquidstaking.pb.go:1996.11,1999.18 3 0
github.com/merlin-network/estake-native/v2/x/lselysium/types/liquidstaking.pb.go:2002.4,2002.42 1 0
github.com/merlin-network/estake-native/v2/x/lselysium/types/liquidstaking.pb.go:2005.4,2005.28 1 0
github.com/merlin-network/estake-native/v2/x/lselysium/types/liquidstaking.pb.go:2008.4,2008.19 1 0
github.com/merlin-network/estake-native/v2/x/lselysium/types/liquidstaking.pb.go:1863.21,1865.5 1 0
github.com/merlin-network/estake-native/v2/x/lselysium/types/liquidstaking.pb.go:1867.39,1868.20 1 0
github.com/merlin-network/estake-native/v2/x/lselysium/types/liquidstaking.pb.go:1871.5,1871.19 1 0
github.com/merlin-network/estake-native/v2/x/lselysium/types/liquidstaking.pb.go:1874.5,1877.17 4 0
github.com/merlin-network/estake-native/v2/x/lselysium/types/liquidstaking.pb.go:1868.20,1870.6 1 0
github.com/merlin-network/estake-native/v2/x/lselysium/types/liquidstaking.pb.go:1871.19,1873.6 1 0
github.com/merlin-network/estake-native/v2/x/lselysium/types/liquidstaking.pb.go:1877.17,1878.11 1 0
github.com/merlin-network/estake-native/v2/x/lselysium/types/liquidstaking.pb.go:1882.24,1884.5 1 0
github.com/merlin-network/estake-native/v2/x/lselysium/types/liquidstaking.pb.go:1886.21,1888.5 1 0
github.com/merlin-network/estake-native/v2/x/lselysium/types/liquidstaking.pb.go:1889.21,1891.5 1 0
github.com/merlin-network/estake-native/v2/x/lselysium/types/liquidstaking.pb.go:1895.21,1897.5 1 0
github.com/merlin-network/estake-native/v2/x/lselysium/types/liquidstaking.pb.go:1899.39,1900.20 1 0
github.com/merlin-network/estake-native/v2/x/lselysium/types/liquidstaking.pb.go:1903.5,1903.19 1 0
github.com/merlin-network/estake-native/v2/x/lselysium/types/liquidstaking.pb.go:1906.5,1909.17 4 0
github.com/merlin-network/estake-native/v2/x/lselysium/types/liquidstaking.pb.go:1900.20,1902.6 1 0
github.com/merlin-network/estake-native/v2/x/lselysium/types/liquidstaking.pb.go:1903.19,1905.6 1 0
github.com/merlin-network/estake-native/v2/x/lselysium/types/liquidstaking.pb.go:1909.17,1910.11 1 0
github.com/merlin-network/estake-native/v2/x/lselysium/types/liquidstaking.pb.go:1914.24,1916.5 1 0
github.com/merlin-network/estake-native/v2/x/lselysium/types/liquidstaking.pb.go:1918.21,1920.5 1 0
github.com/merlin-network/estake-native/v2/x/lselysium/types/liquidstaking.pb.go:1921.21,1923.5 1 0
github.com/merlin-network/estake-native/v2/x/lselysium/types/liquidstaking.pb.go:1924.80,1926.5 1 0
github.com/merlin-network/estake-native/v2/x/lselysium/types/liquidstaking.pb.go:1929.21,1931.5 1 0
github.com/merlin-network/estake-native/v2/x/lselysium/types/liquidstaking.pb.go:1933.39,1934.20 1 0
github.com/merlin-network/estake-native/v2/x/lselysium/types/liquidstaking.pb.go:1937.5,1937.19 1 0
github.com/merlin-network/estake-native/v2/x/lselysium/types/liquidstaking.pb.go:1940.5,1943.17 4 0
github.com/merlin-network/estake-native/v2/x/lselysium/types/liquidstaking.pb.go:1934.20,1936.6 1 0
github.com/merlin-network/estake-native/v2/x/lselysium/types/liquidstaking.pb.go:1937.19,1939.6 1 0
github.com/merlin-network/estake-native/v2/x/lselysium/types/liquidstaking.pb.go:1943.17,1944.11 1 0
github.com/merlin-network/estake-native/v2/x/lselysium/types/liquidstaking.pb.go:1948.24,1950.5 1 0
github.com/merlin-network/estake-native/v2/x/lselysium/types/liquidstaking.pb.go:1952.21,1954.5 1 0
github.com/merlin-network/estake-native/v2/x/lselysium/types/liquidstaking.pb.go:1955.21,1957.5 1 0
github.com/merlin-network/estake-native/v2/x/lselysium/types/liquidstaking.pb.go:1958.86,1960.5 1 0
github.com/merlin-network/estake-native/v2/x/lselysium/types/liquidstaking.pb.go:1963.21,1965.5 1 0
github.com/merlin-network/estake-native/v2/x/lselysium/types/liquidstaking.pb.go:1967.39,1968.20 1 0
github.com/merlin-network/estake-native/v2/x/lselysium/types/liquidstaking.pb.go:1971.5,1971.19 1 0
github.com/merlin-network/estake-native/v2/x/lselysium/types/liquidstaking.pb.go:1974.5,1977.17 4 0
github.com/merlin-network/estake-native/v2/x/lselysium/types/liquidstaking.pb.go:1968.20,1970.6 1 0
github.com/merlin-network/estake-native/v2/x/lselysium/types/liquidstaking.pb.go:1971.19,1973.6 1 0
github.com/merlin-network/estake-native/v2/x/lselysium/types/liquidstaking.pb.go:1977.17,1978.11 1 0
github.com/merlin-network/estake-native/v2/x/lselysium/types/liquidstaking.pb.go:1982.24,1984.5 1 0
github.com/merlin-network/estake-native/v2/x/lselysium/types/liquidstaking.pb.go:1986.21,1988.5 1 0
github.com/merlin-network/estake-native/v2/x/lselysium/types/liquidstaking.pb.go:1989.21,1991.5 1 0
github.com/merlin-network/estake-native/v2/x/lselysium/types/liquidstaking.pb.go:1992.82,1994.5 1 0
github.com/merlin-network/estake-native/v2/x/lselysium/types/liquidstaking.pb.go:1999.18,2001.5 1 0
github.com/merlin-network/estake-native/v2/x/lselysium/types/liquidstaking.pb.go:2002.42,2004.5 1 0
github.com/merlin-network/estake-native/v2/x/lselysium/types/liquidstaking.pb.go:2005.28,2007.5 1 0
github.com/merlin-network/estake-native/v2/x/lselysium/types/liquidstaking.pb.go:2012.15,2014.3 1 0
github.com/merlin-network/estake-native/v2/x/lselysium/types/liquidstaking.pb.go:2017.56,2021.16 4 0
github.com/merlin-network/estake-native/v2/x/lselysium/types/liquidstaking.pb.go:2093.2,2093.31 1 0
github.com/merlin-network/estake-native/v2/x/lselysium/types/liquidstaking.pb.go:2021.16,2023.38 2 0
github.com/merlin-network/estake-native/v2/x/lselysium/types/liquidstaking.pb.go:2037.3,2038.19 2 0
github.com/merlin-network/estake-native/v2/x/lselysium/types/liquidstaking.pb.go:2086.3,2086.16 1 0
github.com/merlin-network/estake-native/v2/x/lselysium/types/liquidstaking.pb.go:2089.3,2089.17 1 0
github.com/merlin-network/estake-native/v2/x/lselysium/types/liquidstaking.pb.go:2023.38,2024.19 1 0
github.com/merlin-network/estake-native/v2/x/lselysium/types/liquidstaking.pb.go:2027.4,2027.18 1 0
github.com/merlin-network/estake-native/v2/x/lselysium/types/liquidstaking.pb.go:2030.4,2033.16 4 0
github.com/merlin-network/estake-native/v2/x/lselysium/types/liquidstaking.pb.go:2024.19,2026.5 1 0
github.com/merlin-network/estake-native/v2/x/lselysium/types/liquidstaking.pb.go:2027.18,2029.5 1 0
github.com/merlin-network/estake-native/v2/x/lselysium/types/liquidstaking.pb.go:2033.16,2034.10 1 0
github.com/merlin-network/estake-native/v2/x/lselysium/types/liquidstaking.pb.go:2039.10,2040.39 1 0
github.com/merlin-network/estake-native/v2/x/lselysium/types/liquidstaking.pb.go:2052.10,2053.14 1 0
github.com/merlin-network/estake-native/v2/x/lselysium/types/liquidstaking.pb.go:2054.10,2056.39 2 0
github.com/merlin-network/estake-native/v2/x/lselysium/types/liquidstaking.pb.go:2070.4,2070.18 1 0
github.com/merlin-network/estake-native/v2/x/lselysium/types/liquidstaking.pb.go:2073.4,2073.19 1 0
github.com/merlin-network/estake-native/v2/x/lselysium/types/liquidstaking.pb.go:2074.10,2075.11 1 0
github.com/merlin-network/estake-native/v2/x/lselysium/types/liquidstaking.pb.go:2076.10,2077.18 1 0
github.com/merlin-network/estake-native/v2/x/lselysium/types/liquidstaking.pb.go:2080.4,2080.11 1 0
github.com/merlin-network/estake-native/v2/x/lselysium/types/liquidstaking.pb.go:2081.10,2082.14 1 0
github.com/merlin-network/estake-native/v2/x/lselysium/types/liquidstaking.pb.go:2083.11,2084.64 1 0
github.com/merlin-network/estake-native/v2/x/lselysium/types/liquidstaking.pb.go:2040.39,2041.20 1 0
github.com/merlin-network/estake-native/v2/x/lselysium/types/liquidstaking.pb.go:2044.5,2044.19 1 0
github.com/merlin-network/estake-native/v2/x/lselysium/types/liquidstaking.pb.go:2047.5,2048.29 2 0
github.com/merlin-network/estake-native/v2/x/lselysium/types/liquidstaking.pb.go:2041.20,2043.6 1 0
github.com/merlin-network/estake-native/v2/x/lselysium/types/liquidstaking.pb.go:2044.19,2046.6 1 0
github.com/merlin-network/estake-native/v2/x/lselysium/types/liquidstaking.pb.go:2048.29,2049.11 1 0
github.com/merlin-network/estake-native/v2/x/lselysium/types/liquidstaking.pb.go:2056.39,2057.20 1 0
github.com/merlin-network/estake-native/v2/x/lselysium/types/liquidstaking.pb.go:2060.5,2060.19 1 0
github.com/merlin-network/estake-native/v2/x/lselysium/types/liquidstaking.pb.go:2063.5,2066.17 4 0
github.com/merlin-network/estake-native/v2/x/lselysium/types/liquidstaking.pb.go:2057.20,2059.6 1 0
github.com/merlin-network/estake-native/v2/x/lselysium/types/liquidstaking.pb.go:2060.19,2062.6 1 0
github.com/merlin-network/estake-native/v2/x/lselysium/types/liquidstaking.pb.go:2066.17,2067.11 1 0
github.com/merlin-network/estake-native/v2/x/lselysium/types/liquidstaking.pb.go:2070.18,2072.5 1 0
github.com/merlin-network/estake-native/v2/x/lselysium/types/liquidstaking.pb.go:2077.18,2079.5 1 0
github.com/merlin-network/estake-native/v2/x/lselysium/types/liquidstaking.pb.go:2086.16,2088.4 1 0
github.com/merlin-network/estake-native/v2/x/lselysium/types/liquidstaking.pb.go:2089.17,2091.4 1 0
github.com/merlin-network/estake-native/v2/x/lselysium/types/msgs.go:24.19,29.2 1 3
github.com/merlin-network/estake-native/v2/x/lselysium/types/msgs.go:31.42,31.62 1 3
github.com/merlin-network/estake-native/v2/x/lselysium/types/msgs.go:33.41,33.70 1 3
github.com/merlin-network/estake-native/v2/x/lselysium/types/msgs.go:35.49,36.74 1 3
github.com/merlin-network/estake-native/v2/x/lselysium/types/msgs.go:39.2,39.35 1 2
github.com/merlin-network/estake-native/v2/x/lselysium/types/msgs.go:42.2,42.46 1 1
github.com/merlin-network/estake-native/v2/x/lselysium/types/msgs.go:45.2,45.12 1 1
github.com/merlin-network/estake-native/v2/x/lselysium/types/msgs.go:36.74,38.3 1 1
github.com/merlin-network/estake-native/v2/x/lselysium/types/msgs.go:39.35,41.3 1 1
github.com/merlin-network/estake-native/v2/x/lselysium/types/msgs.go:42.46,44.3 1 0
github.com/merlin-network/estake-native/v2/x/lselysium/types/msgs.go:48.49,50.2 1 3
github.com/merlin-network/estake-native/v2/x/lselysium/types/msgs.go:52.57,54.16 2 1
github.com/merlin-network/estake-native/v2/x/lselysium/types/msgs.go:57.2,57.31 1 1
github.com/merlin-network/estake-native/v2/x/lselysium/types/msgs.go:54.16,55.13 1 0
github.com/merlin-network/estake-native/v2/x/lselysium/types/msgs.go:60.57,62.16 2 1
github.com/merlin-network/estake-native/v2/x/lselysium/types/msgs.go:65.2,65.13 1 1
github.com/merlin-network/estake-native/v2/x/lselysium/types/msgs.go:62.16,63.13 1 0
github.com/merlin-network/estake-native/v2/x/lselysium/types/msgs.go:72.21,77.2 1 3
github.com/merlin-network/estake-native/v2/x/lselysium/types/msgs.go:79.44,79.64 1 3
github.com/merlin-network/estake-native/v2/x/lselysium/types/msgs.go:81.43,81.74 1 3
github.com/merlin-network/estake-native/v2/x/lselysium/types/msgs.go:83.51,84.74 1 3
github.com/merlin-network/estake-native/v2/x/lselysium/types/msgs.go:87.2,87.35 1 2
github.com/merlin-network/estake-native/v2/x/lselysium/types/msgs.go:90.2,90.46 1 1
github.com/merlin-network/estake-native/v2/x/lselysium/types/msgs.go:93.2,93.12 1 1
github.com/merlin-network/estake-native/v2/x/lselysium/types/msgs.go:84.74,86.3 1 1
github.com/merlin-network/estake-native/v2/x/lselysium/types/msgs.go:87.35,89.3 1 1
github.com/merlin-network/estake-native/v2/x/lselysium/types/msgs.go:90.46,92.3 1 0
github.com/merlin-network/estake-native/v2/x/lselysium/types/msgs.go:96.51,98.2 1 3
github.com/merlin-network/estake-native/v2/x/lselysium/types/msgs.go:100.59,102.16 2 1
github.com/merlin-network/estake-native/v2/x/lselysium/types/msgs.go:105.2,105.31 1 1
github.com/merlin-network/estake-native/v2/x/lselysium/types/msgs.go:102.16,103.13 1 0
github.com/merlin-network/estake-native/v2/x/lselysium/types/msgs.go:108.59,110.16 2 1
github.com/merlin-network/estake-native/v2/x/lselysium/types/msgs.go:113.2,113.13 1 1
github.com/merlin-network/estake-native/v2/x/lselysium/types/msgs.go:110.16,111.13 1 0
github.com/merlin-network/estake-native/v2/x/lselysium/types/genesis.go:9.87,14.2 1 4
github.com/merlin-network/estake-native/v2/x/lselysium/types/genesis.go:17.42,22.2 1 4
github.com/merlin-network/estake-native/v2/x/lselysium/types/genesis.go:25.47,26.47 1 4
github.com/merlin-network/estake-native/v2/x/lselysium/types/genesis.go:29.2,29.43 1 3
github.com/merlin-network/estake-native/v2/x/lselysium/types/genesis.go:36.2,36.12 1 1
github.com/merlin-network/estake-native/v2/x/lselysium/types/genesis.go:26.47,28.3 1 1
github.com/merlin-network/estake-native/v2/x/lselysium/types/genesis.go:29.43,30.39 1 2
github.com/merlin-network/estake-native/v2/x/lselysium/types/genesis.go:30.39,34.4 1 2
github.com/merlin-network/estake-native/v2/x/lselysium/types/liquidstaking.go:12.81,13.51 1 3
github.com/merlin-network/estake-native/v2/x/lselysium/types/liquidstaking.go:16.2,16.14 1 1
github.com/merlin-network/estake-native/v2/x/lselysium/types/liquidstaking.go:13.51,15.3 1 2
github.com/merlin-network/estake-native/v2/x/lselysium/types/liquidstaking.go:19.93,21.43 2 5
github.com/merlin-network/estake-native/v2/x/lselysium/types/liquidstaking.go:24.2,24.27 1 5
github.com/merlin-network/estake-native/v2/x/lselysium/types/liquidstaking.go:21.43,23.3 1 11
github.com/merlin-network/estake-native/v2/x/lselysium/types/liquidstaking.go:28.43,30.19 2 2
github.com/merlin-network/estake-native/v2/x/lselysium/types/liquidstaking.go:33.2,33.12 1 0
github.com/merlin-network/estake-native/v2/x/lselysium/types/liquidstaking.go:30.19,32.3 1 2
github.com/merlin-network/estake-native/v2/x/lselysium/types/liquidstaking.go:36.55,37.29 1 0
github.com/merlin-network/estake-native/v2/x/lselysium/types/liquidstaking.go:40.2,41.16 2 0
github.com/merlin-network/estake-native/v2/x/lselysium/types/liquidstaking.go:44.2,44.13 1 0
github.com/merlin-network/estake-native/v2/x/lselysium/types/liquidstaking.go:37.29,39.3 1 0
github.com/merlin-network/estake-native/v2/x/lselysium/types/liquidstaking.go:41.16,42.13 1 0
github.com/merlin-network/estake-native/v2/x/lselysium/types/liquidstaking.go:47.82,49.12 2 0
github.com/merlin-network/estake-native/v2/x/lselysium/types/liquidstaking.go:52.2,52.24 1 0
github.com/merlin-network/estake-native/v2/x/lselysium/types/liquidstaking.go:49.12,51.3 1 0
github.com/merlin-network/estake-native/v2/x/lselysium/types/liquidstaking.go:55.103,57.29 2 0
github.com/merlin-network/estake-native/v2/x/lselysium/types/liquidstaking.go:60.2,61.35 2 0
github.com/merlin-network/estake-native/v2/x/lselysium/types/liquidstaking.go:64.2,64.63 1 0
github.com/merlin-network/estake-native/v2/x/lselysium/types/liquidstaking.go:57.29,59.3 1 0
github.com/merlin-network/estake-native/v2/x/lselysium/types/liquidstaking.go:61.35,63.3 1 0
github.com/merlin-network/estake-native/v2/x/lselysium/types/liquidstaking.go:67.97,68.67 1 18
github.com/merlin-network/estake-native/v2/x/lselysium/types/liquidstaking.go:71.2,71.22 1 0
github.com/merlin-network/estake-native/v2/x/lselysium/types/liquidstaking.go:68.67,70.3 1 18
github.com/merlin-network/estake-native/v2/x/lselysium/types/liquidstaking.go:74.74,75.21 1 0
github.com/merlin-network/estake-native/v2/x/lselysium/types/liquidstaking.go:78.2,78.32 1 0
github.com/merlin-network/estake-native/v2/x/lselysium/types/liquidstaking.go:75.21,77.3 1 0
github.com/merlin-network/estake-native/v2/x/lselysium/types/liquidstaking.go:85.96,93.2 1 7
github.com/merlin-network/estake-native/v2/x/lselysium/types/liquidstaking.go:100.186,104.25 3 8
github.com/merlin-network/estake-native/v2/x/lselysium/types/liquidstaking.go:115.2,121.61 3 8
github.com/merlin-network/estake-native/v2/x/lselysium/types/liquidstaking.go:104.25,106.21 2 32
github.com/merlin-network/estake-native/v2/x/lselysium/types/liquidstaking.go:110.3,110.21 1 32
github.com/merlin-network/estake-native/v2/x/lselysium/types/liquidstaking.go:106.21,109.4 2 6
github.com/merlin-network/estake-native/v2/x/lselysium/types/liquidstaking.go:110.21,113.4 2 6
github.com/merlin-network/estake-native/v2/x/lselysium/types/liquidstaking.go:124.38,126.2 1 0
github.com/merlin-network/estake-native/v2/x/lselysium/types/liquidstaking.go:128.130,131.24 3 0
github.com/merlin-network/estake-native/v2/x/lselysium/types/liquidstaking.go:136.2,136.42 1 0
github.com/merlin-network/estake-native/v2/x/lselysium/types/liquidstaking.go:131.24,135.3 3 0
github.com/merlin-network/estake-native/v2/x/lselysium/types/liquidstaking.go:139.54,141.25 2 0
github.com/merlin-network/estake-native/v2/x/lselysium/types/liquidstaking.go:144.2,144.16 1 0
github.com/merlin-network/estake-native/v2/x/lselysium/types/liquidstaking.go:141.25,143.3 1 0
github.com/merlin-network/estake-native/v2/x/lselysium/types/liquidstaking.go:147.45,149.2 1 0
github.com/merlin-network/estake-native/v2/x/lselysium/types/liquidstaking.go:151.143,153.2 1 0
github.com/merlin-network/estake-native/v2/x/lselysium/types/liquidstaking.go:156.95,158.26 2 3
github.com/merlin-network/estake-native/v2/x/lselysium/types/liquidstaking.go:161.2,161.20 1 3
github.com/merlin-network/estake-native/v2/x/lselysium/types/liquidstaking.go:158.26,160.3 1 9
github.com/merlin-network/estake-native/v2/x/lselysium/types/liquidstaking.go:165.122,167.2 1 3
github.com/merlin-network/estake-native/v2/x/lselysium/types/liquidstaking.go:170.121,172.2 1 4
github.com/merlin-network/estake-native/v2/x/lselysium/types/liquidstaking.go:175.80,177.2 1 2
github.com/merlin-network/estake-native/v2/x/lselysium/types/liquidstaking.go:179.51,181.2 1 0
github.com/merlin-network/estake-native/v2/x/lselysium/types/liquidstaking.go:183.50,184.58 1 0
github.com/merlin-network/estake-native/v2/x/lselysium/types/liquidstaking.go:187.2,187.76 1 0
github.com/merlin-network/estake-native/v2/x/lselysium/types/liquidstaking.go:184.58,186.3 1 0
github.com/merlin-network/estake-native/v2/x/lselysium/types/liquidstaking.go:192.85,194.2 1 0
github.com/merlin-network/estake-native/v2/x/lselysium/types/liquidstaking.go:197.88,199.16 2 0
github.com/merlin-network/estake-native/v2/x/lselysium/types/liquidstaking.go:203.2,203.18 1 0
github.com/merlin-network/estake-native/v2/x/lselysium/types/liquidstaking.go:199.16,200.13 1 0
github.com/merlin-network/estake-native/v2/x/lselysium/types/liquidstaking.go:207.101,210.2 2 0
